WARNING: If you use conda to create environments, your home directory may fill up. Please see our documentation at 
 https://www.wiki.ed.ac.uk/display/ResearchServices/Anaconda for advice.
2024-03-30 23:43:00.423202: I tensorflow/core/util/port.cc:111] oneDNN custom operations are on. You may see slightly different numerical results due to floating-point round-off errors from different computation orders. To turn them off, set the environment variable `TF_ENABLE_ONEDNN_OPTS=0`.
2024-03-30 23:43:01.092464: E tensorflow/compiler/xla/stream_executor/cuda/cuda_dnn.cc:9342] Unable to register cuDNN factory: Attempting to register factory for plugin cuDNN when one has already been registered
2024-03-30 23:43:01.092590: E tensorflow/compiler/xla/stream_executor/cuda/cuda_fft.cc:609] Unable to register cuFFT factory: Attempting to register factory for plugin cuFFT when one has already been registered
2024-03-30 23:43:01.097816: E tensorflow/compiler/xla/stream_executor/cuda/cuda_blas.cc:1518] Unable to register cuBLAS factory: Attempting to register factory for plugin cuBLAS when one has already been registered
2024-03-30 23:43:01.351964: I tensorflow/core/platform/cpu_feature_guard.cc:182] This TensorFlow binary is optimized to use available CPU instructions in performance-critical operations.
To enable the following instructions: AVX2 AVX512F AVX512_VNNI FMA, in other operations, rebuild TensorFlow with the appropriate compiler flags.
2024-03-30 23:43:19.851652: I tensorflow/core/common_runtime/gpu/gpu_device.cc:1886] Created device /job:localhost/replica:0/task:0/device:GPU:0 with 79087 MB memory:  -> device: 0, name: NVIDIA A100 80GB PCIe, pci bus id: 0000:17:00.0, compute capability: 8.0
2024-03-30 23:43:24.891131: E tensorflow/compiler/xla/stream_executor/gpu/asm_compiler.cc:114] *** WARNING *** You are using ptxas 11.0.194, which is older than 11.1. ptxas before 11.1 is known to miscompile XLA code, leading to incorrect results or invalid-address errors.

2024-03-30 23:43:24.956374: W tensorflow/compiler/mlir/tools/kernel_gen/transforms/gpu_kernel_to_blob_pass.cc:191] Failed to compile generated PTX with ptxas. Falling back to compilation by driver.
2024-03-30 23:43:25.190516: E tensorflow/compiler/xla/stream_executor/gpu/asm_compiler.cc:114] *** WARNING *** You are using ptxas 11.0.194, which is older than 11.1. ptxas before 11.1 is known to miscompile XLA code, leading to incorrect results or invalid-address errors.

2024-03-30 23:43:25.258689: W tensorflow/compiler/mlir/tools/kernel_gen/transforms/gpu_kernel_to_blob_pass.cc:191] Failed to compile generated PTX with ptxas. Falling back to compilation by driver.
2024-03-30 23:43:25.362924: E tensorflow/compiler/xla/stream_executor/gpu/asm_compiler.cc:114] *** WARNING *** You are using ptxas 11.0.194, which is older than 11.1. ptxas before 11.1 is known to miscompile XLA code, leading to incorrect results or invalid-address errors.

2024-03-30 23:43:25.430688: W tensorflow/compiler/mlir/tools/kernel_gen/transforms/gpu_kernel_to_blob_pass.cc:191] Failed to compile generated PTX with ptxas. Falling back to compilation by driver.
2024-03-30 23:43:25.502212: E tensorflow/compiler/xla/stream_executor/gpu/asm_compiler.cc:114] *** WARNING *** You are using ptxas 11.0.194, which is older than 11.1. ptxas before 11.1 is known to miscompile XLA code, leading to incorrect results or invalid-address errors.

2024-03-30 23:43:25.569680: W tensorflow/compiler/mlir/tools/kernel_gen/transforms/gpu_kernel_to_blob_pass.cc:191] Failed to compile generated PTX with ptxas. Falling back to compilation by driver.
2024-03-30 23:43:25.698677: E tensorflow/compiler/xla/stream_executor/gpu/asm_compiler.cc:114] *** WARNING *** You are using ptxas 11.0.194, which is older than 11.1. ptxas before 11.1 is known to miscompile XLA code, leading to incorrect results or invalid-address errors.

2024-03-30 23:43:25.766693: W tensorflow/compiler/mlir/tools/kernel_gen/transforms/gpu_kernel_to_blob_pass.cc:191] Failed to compile generated PTX with ptxas. Falling back to compilation by driver.
2024-03-30 23:43:25.999507: E tensorflow/compiler/xla/stream_executor/gpu/asm_compiler.cc:114] *** WARNING *** You are using ptxas 11.0.194, which is older than 11.1. ptxas before 11.1 is known to miscompile XLA code, leading to incorrect results or invalid-address errors.

2024-03-30 23:43:26.067805: W tensorflow/compiler/mlir/tools/kernel_gen/transforms/gpu_kernel_to_blob_pass.cc:191] Failed to compile generated PTX with ptxas. Falling back to compilation by driver.
2024-03-30 23:43:26.071328: E tensorflow/compiler/xla/stream_executor/gpu/asm_compiler.cc:114] *** WARNING *** You are using ptxas 11.0.194, which is older than 11.1. ptxas before 11.1 is known to miscompile XLA code, leading to incorrect results or invalid-address errors.

2024-03-30 23:43:26.134893: W tensorflow/compiler/mlir/tools/kernel_gen/transforms/gpu_kernel_to_blob_pass.cc:191] Failed to compile generated PTX with ptxas. Falling back to compilation by driver.
2024-03-30 23:43:26.139013: E tensorflow/compiler/xla/stream_executor/gpu/asm_compiler.cc:114] *** WARNING *** You are using ptxas 11.0.194, which is older than 11.1. ptxas before 11.1 is known to miscompile XLA code, leading to incorrect results or invalid-address errors.

2024-03-30 23:43:26.201703: W tensorflow/compiler/mlir/tools/kernel_gen/transforms/gpu_kernel_to_blob_pass.cc:191] Failed to compile generated PTX with ptxas. Falling back to compilation by driver.
2024-03-30 23:43:26.206370: E tensorflow/compiler/xla/stream_executor/gpu/asm_compiler.cc:114] *** WARNING *** You are using ptxas 11.0.194, which is older than 11.1. ptxas before 11.1 is known to miscompile XLA code, leading to incorrect results or invalid-address errors.

2024-03-30 23:43:26.268726: W tensorflow/compiler/mlir/tools/kernel_gen/transforms/gpu_kernel_to_blob_pass.cc:191] Failed to compile generated PTX with ptxas. Falling back to compilation by driver.
2024-03-30 23:43:26.273923: E tensorflow/compiler/xla/stream_executor/gpu/asm_compiler.cc:114] *** WARNING *** You are using ptxas 11.0.194, which is older than 11.1. ptxas before 11.1 is known to miscompile XLA code, leading to incorrect results or invalid-address errors.

2024-03-30 23:43:26.334109: W tensorflow/compiler/mlir/tools/kernel_gen/transforms/gpu_kernel_to_blob_pass.cc:191] Failed to compile generated PTX with ptxas. Falling back to compilation by driver.
2024-03-30 23:43:26.339967: E tensorflow/compiler/xla/stream_executor/gpu/asm_compiler.cc:114] *** WARNING *** You are using ptxas 11.0.194, which is older than 11.1. ptxas before 11.1 is known to miscompile XLA code, leading to incorrect results or invalid-address errors.

2024-03-30 23:43:26.400730: W tensorflow/compiler/mlir/tools/kernel_gen/transforms/gpu_kernel_to_blob_pass.cc:191] Failed to compile generated PTX with ptxas. Falling back to compilation by driver.
2024-03-30 23:43:26.407275: E tensorflow/compiler/xla/stream_executor/gpu/asm_compiler.cc:114] *** WARNING *** You are using ptxas 11.0.194, which is older than 11.1. ptxas before 11.1 is known to miscompile XLA code, leading to incorrect results or invalid-address errors.

2024-03-30 23:43:26.467220: W tensorflow/compiler/mlir/tools/kernel_gen/transforms/gpu_kernel_to_blob_pass.cc:191] Failed to compile generated PTX with ptxas. Falling back to compilation by driver.
2024-03-30 23:43:26.474521: E tensorflow/compiler/xla/stream_executor/gpu/asm_compiler.cc:114] *** WARNING *** You are using ptxas 11.0.194, which is older than 11.1. ptxas before 11.1 is known to miscompile XLA code, leading to incorrect results or invalid-address errors.

2024-03-30 23:43:26.536257: W tensorflow/compiler/mlir/tools/kernel_gen/transforms/gpu_kernel_to_blob_pass.cc:191] Failed to compile generated PTX with ptxas. Falling back to compilation by driver.
2024-03-30 23:43:26.544161: E tensorflow/compiler/xla/stream_executor/gpu/asm_compiler.cc:114] *** WARNING *** You are using ptxas 11.0.194, which is older than 11.1. ptxas before 11.1 is known to miscompile XLA code, leading to incorrect results or invalid-address errors.

2024-03-30 23:43:26.605212: W tensorflow/compiler/mlir/tools/kernel_gen/transforms/gpu_kernel_to_blob_pass.cc:191] Failed to compile generated PTX with ptxas. Falling back to compilation by driver.
2024-03-30 23:43:27.024066: E tensorflow/compiler/xla/stream_executor/gpu/asm_compiler.cc:114] *** WARNING *** You are using ptxas 11.0.194, which is older than 11.1. ptxas before 11.1 is known to miscompile XLA code, leading to incorrect results or invalid-address errors.

2024-03-30 23:43:27.093995: W tensorflow/compiler/mlir/tools/kernel_gen/transforms/gpu_kernel_to_blob_pass.cc:191] Failed to compile generated PTX with ptxas. Falling back to compilation by driver.
2024-03-30 23:43:27.223166: E tensorflow/compiler/xla/stream_executor/gpu/asm_compiler.cc:114] *** WARNING *** You are using ptxas 11.0.194, which is older than 11.1. ptxas before 11.1 is known to miscompile XLA code, leading to incorrect results or invalid-address errors.

2024-03-30 23:43:27.291339: W tensorflow/compiler/mlir/tools/kernel_gen/transforms/gpu_kernel_to_blob_pass.cc:191] Failed to compile generated PTX with ptxas. Falling back to compilation by driver.
2024-03-30 23:43:27.379843: I tensorflow/core/util/cuda_solvers.cc:179] Creating GpuSolver handles for stream 0x55728c543570
2024-03-30 23:43:27.452907: E tensorflow/compiler/xla/stream_executor/gpu/asm_compiler.cc:114] *** WARNING *** You are using ptxas 11.0.194, which is older than 11.1. ptxas before 11.1 is known to miscompile XLA code, leading to incorrect results or invalid-address errors.

2024-03-30 23:43:27.529480: W tensorflow/compiler/mlir/tools/kernel_gen/transforms/gpu_kernel_to_blob_pass.cc:191] Failed to compile generated PTX with ptxas. Falling back to compilation by driver.
2024-03-30 23:43:27.695846: E tensorflow/compiler/xla/stream_executor/gpu/asm_compiler.cc:114] *** WARNING *** You are using ptxas 11.0.194, which is older than 11.1. ptxas before 11.1 is known to miscompile XLA code, leading to incorrect results or invalid-address errors.

2024-03-30 23:43:27.764679: W tensorflow/compiler/mlir/tools/kernel_gen/transforms/gpu_kernel_to_blob_pass.cc:191] Failed to compile generated PTX with ptxas. Falling back to compilation by driver.
2024-03-30 23:43:27.771518: E tensorflow/compiler/xla/stream_executor/gpu/asm_compiler.cc:114] *** WARNING *** You are using ptxas 11.0.194, which is older than 11.1. ptxas before 11.1 is known to miscompile XLA code, leading to incorrect results or invalid-address errors.

2024-03-30 23:43:27.835244: W tensorflow/compiler/mlir/tools/kernel_gen/transforms/gpu_kernel_to_blob_pass.cc:191] Failed to compile generated PTX with ptxas. Falling back to compilation by driver.
2024-03-30 23:43:27.842371: E tensorflow/compiler/xla/stream_executor/gpu/asm_compiler.cc:114] *** WARNING *** You are using ptxas 11.0.194, which is older than 11.1. ptxas before 11.1 is known to miscompile XLA code, leading to incorrect results or invalid-address errors.

2024-03-30 23:43:27.904679: W tensorflow/compiler/mlir/tools/kernel_gen/transforms/gpu_kernel_to_blob_pass.cc:191] Failed to compile generated PTX with ptxas. Falling back to compilation by driver.
2024-03-30 23:43:27.907937: E tensorflow/compiler/xla/stream_executor/gpu/asm_compiler.cc:114] *** WARNING *** You are using ptxas 11.0.194, which is older than 11.1. ptxas before 11.1 is known to miscompile XLA code, leading to incorrect results or invalid-address errors.

2024-03-30 23:43:27.969212: W tensorflow/compiler/mlir/tools/kernel_gen/transforms/gpu_kernel_to_blob_pass.cc:191] Failed to compile generated PTX with ptxas. Falling back to compilation by driver.
2024-03-30 23:43:27.973009: E tensorflow/compiler/xla/stream_executor/gpu/asm_compiler.cc:114] *** WARNING *** You are using ptxas 11.0.194, which is older than 11.1. ptxas before 11.1 is known to miscompile XLA code, leading to incorrect results or invalid-address errors.

2024-03-30 23:43:28.035152: W tensorflow/compiler/mlir/tools/kernel_gen/transforms/gpu_kernel_to_blob_pass.cc:191] Failed to compile generated PTX with ptxas. Falling back to compilation by driver.
2024-03-30 23:43:28.039399: E tensorflow/compiler/xla/stream_executor/gpu/asm_compiler.cc:114] *** WARNING *** You are using ptxas 11.0.194, which is older than 11.1. ptxas before 11.1 is known to miscompile XLA code, leading to incorrect results or invalid-address errors.

2024-03-30 23:43:28.101647: W tensorflow/compiler/mlir/tools/kernel_gen/transforms/gpu_kernel_to_blob_pass.cc:191] Failed to compile generated PTX with ptxas. Falling back to compilation by driver.
2024-03-30 23:43:28.106473: E tensorflow/compiler/xla/stream_executor/gpu/asm_compiler.cc:114] *** WARNING *** You are using ptxas 11.0.194, which is older than 11.1. ptxas before 11.1 is known to miscompile XLA code, leading to incorrect results or invalid-address errors.

2024-03-30 23:43:28.169669: W tensorflow/compiler/mlir/tools/kernel_gen/transforms/gpu_kernel_to_blob_pass.cc:191] Failed to compile generated PTX with ptxas. Falling back to compilation by driver.
2024-03-30 23:43:28.174859: E tensorflow/compiler/xla/stream_executor/gpu/asm_compiler.cc:114] *** WARNING *** You are using ptxas 11.0.194, which is older than 11.1. ptxas before 11.1 is known to miscompile XLA code, leading to incorrect results or invalid-address errors.

2024-03-30 23:43:28.236581: W tensorflow/compiler/mlir/tools/kernel_gen/transforms/gpu_kernel_to_blob_pass.cc:191] Failed to compile generated PTX with ptxas. Falling back to compilation by driver.
2024-03-30 23:43:28.608087: E tensorflow/compiler/xla/stream_executor/gpu/asm_compiler.cc:114] *** WARNING *** You are using ptxas 11.0.194, which is older than 11.1. ptxas before 11.1 is known to miscompile XLA code, leading to incorrect results or invalid-address errors.

2024-03-30 23:43:28.677167: W tensorflow/compiler/mlir/tools/kernel_gen/transforms/gpu_kernel_to_blob_pass.cc:191] Failed to compile generated PTX with ptxas. Falling back to compilation by driver.
2024-03-30 23:43:28.819615: E tensorflow/compiler/xla/stream_executor/gpu/asm_compiler.cc:114] *** WARNING *** You are using ptxas 11.0.194, which is older than 11.1. ptxas before 11.1 is known to miscompile XLA code, leading to incorrect results or invalid-address errors.

2024-03-30 23:43:28.888703: W tensorflow/compiler/mlir/tools/kernel_gen/transforms/gpu_kernel_to_blob_pass.cc:191] Failed to compile generated PTX with ptxas. Falling back to compilation by driver.
2024-03-30 23:43:29.063532: I tensorflow/compiler/xla/service/service.cc:168] XLA service 0x2b6473d54e60 initialized for platform CUDA (this does not guarantee that XLA will be used). Devices:
2024-03-30 23:43:29.063574: I tensorflow/compiler/xla/service/service.cc:176]   StreamExecutor device (0): NVIDIA A100 80GB PCIe, Compute Capability 8.0
2024-03-30 23:43:29.080572: I tensorflow/compiler/mlir/tensorflow/utils/dump_mlir_util.cc:269] disabling MLIR crash reproducer, set env var `MLIR_CRASH_REPRODUCER_DIRECTORY` to enable.
2024-03-30 23:43:30.141593: E tensorflow/compiler/xla/stream_executor/cuda/cuda_dnn.cc:435] Loaded runtime CuDNN library: 8.1.1 but source was compiled with: 8.6.0.  CuDNN library needs to have matching major version and equal or higher minor version. If using a binary install, upgrade your CuDNN library.  If building from sources, make sure the library loaded at runtime is compatible with the version specified during compile configuration.
2024-03-30 23:43:30.143467: W tensorflow/core/framework/op_kernel.cc:1839] OP_REQUIRES failed at xla_ops.cc:624 : FAILED_PRECONDITION: DNN library initialization failed. Look at the errors above for more details.
2024-03-30 23:43:30.143524: I tensorflow/core/framework/local_rendezvous.cc:421] Local rendezvous recv item cancelled. Key hash: 9700514473269560184
2024-03-30 23:43:30.143537: I tensorflow/core/framework/local_rendezvous.cc:421] Local rendezvous recv item cancelled. Key hash: 13193057365251846037
2024-03-30 23:43:30.157327: E tensorflow/compiler/xla/stream_executor/cuda/cuda_dnn.cc:435] Loaded runtime CuDNN library: 8.1.1 but source was compiled with: 8.6.0.  CuDNN library needs to have matching major version and equal or higher minor version. If using a binary install, upgrade your CuDNN library.  If building from sources, make sure the library loaded at runtime is compatible with the version specified during compile configuration.
2024-03-30 23:43:30.158431: W tensorflow/core/framework/op_kernel.cc:1839] OP_REQUIRES failed at xla_ops.cc:624 : FAILED_PRECONDITION: DNN library initialization failed. Look at the errors above for more details.
2024-03-30 23:43:30.184315: E tensorflow/compiler/xla/stream_executor/cuda/cuda_dnn.cc:435] Loaded runtime CuDNN library: 8.1.1 but source was compiled with: 8.6.0.  CuDNN library needs to have matching major version and equal or higher minor version. If using a binary install, upgrade your CuDNN library.  If building from sources, make sure the library loaded at runtime is compatible with the version specified during compile configuration.
2024-03-30 23:43:30.185382: W tensorflow/core/framework/op_kernel.cc:1839] OP_REQUIRES failed at xla_ops.cc:624 : FAILED_PRECONDITION: DNN library initialization failed. Look at the errors above for more details.
2024-03-30 23:43:30.199034: E tensorflow/compiler/xla/stream_executor/cuda/cuda_dnn.cc:435] Loaded runtime CuDNN library: 8.1.1 but source was compiled with: 8.6.0.  CuDNN library needs to have matching major version and equal or higher minor version. If using a binary install, upgrade your CuDNN library.  If building from sources, make sure the library loaded at runtime is compatible with the version specified during compile configuration.
2024-03-30 23:43:30.200079: W tensorflow/core/framework/op_kernel.cc:1839] OP_REQUIRES failed at xla_ops.cc:624 : FAILED_PRECONDITION: DNN library initialization failed. Look at the errors above for more details.
2024-03-30 23:43:30.212786: E tensorflow/compiler/xla/stream_executor/cuda/cuda_dnn.cc:435] Loaded runtime CuDNN library: 8.1.1 but source was compiled with: 8.6.0.  CuDNN library needs to have matching major version and equal or higher minor version. If using a binary install, upgrade your CuDNN library.  If building from sources, make sure the library loaded at runtime is compatible with the version specified during compile configuration.
2024-03-30 23:43:30.213822: W tensorflow/core/framework/op_kernel.cc:1839] OP_REQUIRES failed at xla_ops.cc:624 : FAILED_PRECONDITION: DNN library initialization failed. Look at the errors above for more details.
2024-03-30 23:43:30.226302: E tensorflow/compiler/xla/stream_executor/cuda/cuda_dnn.cc:435] Loaded runtime CuDNN library: 8.1.1 but source was compiled with: 8.6.0.  CuDNN library needs to have matching major version and equal or higher minor version. If using a binary install, upgrade your CuDNN library.  If building from sources, make sure the library loaded at runtime is compatible with the version specified during compile configuration.
2024-03-30 23:43:30.227339: W tensorflow/core/framework/op_kernel.cc:1839] OP_REQUIRES failed at xla_ops.cc:624 : FAILED_PRECONDITION: DNN library initialization failed. Look at the errors above for more details.
2024-03-30 23:43:30.240364: E tensorflow/compiler/xla/stream_executor/cuda/cuda_dnn.cc:435] Loaded runtime CuDNN library: 8.1.1 but source was compiled with: 8.6.0.  CuDNN library needs to have matching major version and equal or higher minor version. If using a binary install, upgrade your CuDNN library.  If building from sources, make sure the library loaded at runtime is compatible with the version specified during compile configuration.
2024-03-30 23:43:30.241422: W tensorflow/core/framework/op_kernel.cc:1839] OP_REQUIRES failed at xla_ops.cc:624 : FAILED_PRECONDITION: DNN library initialization failed. Look at the errors above for more details.
2024-03-30 23:43:30.254054: E tensorflow/compiler/xla/stream_executor/cuda/cuda_dnn.cc:435] Loaded runtime CuDNN library: 8.1.1 but source was compiled with: 8.6.0.  CuDNN library needs to have matching major version and equal or higher minor version. If using a binary install, upgrade your CuDNN library.  If building from sources, make sure the library loaded at runtime is compatible with the version specified during compile configuration.
2024-03-30 23:43:30.255100: W tensorflow/core/framework/op_kernel.cc:1839] OP_REQUIRES failed at xla_ops.cc:624 : FAILED_PRECONDITION: DNN library initialization failed. Look at the errors above for more details.
2024-03-30 23:43:30.267902: E tensorflow/compiler/xla/stream_executor/cuda/cuda_dnn.cc:435] Loaded runtime CuDNN library: 8.1.1 but source was compiled with: 8.6.0.  CuDNN library needs to have matching major version and equal or higher minor version. If using a binary install, upgrade your CuDNN library.  If building from sources, make sure the library loaded at runtime is compatible with the version specified during compile configuration.
2024-03-30 23:43:30.268954: W tensorflow/core/framework/op_kernel.cc:1839] OP_REQUIRES failed at xla_ops.cc:624 : FAILED_PRECONDITION: DNN library initialization failed. Look at the errors above for more details.
2024-03-30 23:43:30.281679: E tensorflow/compiler/xla/stream_executor/cuda/cuda_dnn.cc:435] Loaded runtime CuDNN library: 8.1.1 but source was compiled with: 8.6.0.  CuDNN library needs to have matching major version and equal or higher minor version. If using a binary install, upgrade your CuDNN library.  If building from sources, make sure the library loaded at runtime is compatible with the version specified during compile configuration.
2024-03-30 23:43:30.282735: W tensorflow/core/framework/op_kernel.cc:1839] OP_REQUIRES failed at xla_ops.cc:624 : FAILED_PRECONDITION: DNN library initialization failed. Look at the errors above for more details.
2024-03-30 23:43:30.296625: E tensorflow/compiler/xla/stream_executor/cuda/cuda_dnn.cc:435] Loaded runtime CuDNN library: 8.1.1 but source was compiled with: 8.6.0.  CuDNN library needs to have matching major version and equal or higher minor version. If using a binary install, upgrade your CuDNN library.  If building from sources, make sure the library loaded at runtime is compatible with the version specified during compile configuration.
2024-03-30 23:43:30.297682: W tensorflow/core/framework/op_kernel.cc:1839] OP_REQUIRES failed at xla_ops.cc:624 : FAILED_PRECONDITION: DNN library initialization failed. Look at the errors above for more details.
2024-03-30 23:43:30.310416: E tensorflow/compiler/xla/stream_executor/cuda/cuda_dnn.cc:435] Loaded runtime CuDNN library: 8.1.1 but source was compiled with: 8.6.0.  CuDNN library needs to have matching major version and equal or higher minor version. If using a binary install, upgrade your CuDNN library.  If building from sources, make sure the library loaded at runtime is compatible with the version specified during compile configuration.
2024-03-30 23:43:30.311475: W tensorflow/core/framework/op_kernel.cc:1839] OP_REQUIRES failed at xla_ops.cc:624 : FAILED_PRECONDITION: DNN library initialization failed. Look at the errors above for more details.
2024-03-30 23:43:30.324464: E tensorflow/compiler/xla/stream_executor/cuda/cuda_dnn.cc:435] Loaded runtime CuDNN library: 8.1.1 but source was compiled with: 8.6.0.  CuDNN library needs to have matching major version and equal or higher minor version. If using a binary install, upgrade your CuDNN library.  If building from sources, make sure the library loaded at runtime is compatible with the version specified during compile configuration.
2024-03-30 23:43:30.325517: W tensorflow/core/framework/op_kernel.cc:1839] OP_REQUIRES failed at xla_ops.cc:624 : FAILED_PRECONDITION: DNN library initialization failed. Look at the errors above for more details.
2024-03-30 23:43:30.338197: E tensorflow/compiler/xla/stream_executor/cuda/cuda_dnn.cc:435] Loaded runtime CuDNN library: 8.1.1 but source was compiled with: 8.6.0.  CuDNN library needs to have matching major version and equal or higher minor version. If using a binary install, upgrade your CuDNN library.  If building from sources, make sure the library loaded at runtime is compatible with the version specified during compile configuration.
2024-03-30 23:43:30.339256: W tensorflow/core/framework/op_kernel.cc:1839] OP_REQUIRES failed at xla_ops.cc:624 : FAILED_PRECONDITION: DNN library initialization failed. Look at the errors above for more details.
Traceback (most recent call last):
  File "/exports/eddie3_homes_local/s2445937/Brownian-Bug-Model/pnn/model_masha.py", line 134, in <module>
    History = model.fit(
  File "/exports/eddie/scratch/s2445937/anaconda/envs/plankton/lib/python3.10/site-packages/keras/src/utils/traceback_utils.py", line 70, in error_handler
    raise e.with_traceback(filtered_tb) from None
  File "/exports/eddie/scratch/s2445937/anaconda/envs/plankton/lib/python3.10/site-packages/tensorflow/python/eager/execute.py", line 60, in quick_execute
    tensors = pywrap_tfe.TFE_Py_Execute(ctx._handle, device_name, op_name,
tensorflow.python.framework.errors_impl.FailedPreconditionError: Graph execution error:

Detected at node Adam/update_0_12/StatefulPartitionedCall defined at (most recent call last):
  File "/exports/eddie3_homes_local/s2445937/Brownian-Bug-Model/pnn/model_masha.py", line 134, in <module>

  File "/exports/eddie/scratch/s2445937/anaconda/envs/plankton/lib/python3.10/site-packages/keras/src/utils/traceback_utils.py", line 65, in error_handler

  File "/exports/eddie/scratch/s2445937/anaconda/envs/plankton/lib/python3.10/site-packages/keras/src/engine/training.py", line 1783, in fit

  File "/exports/eddie/scratch/s2445937/anaconda/envs/plankton/lib/python3.10/site-packages/keras/src/engine/training.py", line 1377, in train_function

  File "/exports/eddie/scratch/s2445937/anaconda/envs/plankton/lib/python3.10/site-packages/keras/src/engine/training.py", line 1360, in step_function

  File "/exports/eddie/scratch/s2445937/anaconda/envs/plankton/lib/python3.10/site-packages/keras/src/optimizers/optimizer.py", line 1345, in _distributed_apply_gradients_fn

  File "/exports/eddie/scratch/s2445937/anaconda/envs/plankton/lib/python3.10/site-packages/keras/src/optimizers/optimizer.py", line 1340, in apply_grad_to_update_var

Detected at node Adam/update_0_12/StatefulPartitionedCall defined at (most recent call last):
  File "/exports/eddie3_homes_local/s2445937/Brownian-Bug-Model/pnn/model_masha.py", line 134, in <module>

  File "/exports/eddie/scratch/s2445937/anaconda/envs/plankton/lib/python3.10/site-packages/keras/src/utils/traceback_utils.py", line 65, in error_handler

  File "/exports/eddie/scratch/s2445937/anaconda/envs/plankton/lib/python3.10/site-packages/keras/src/engine/training.py", line 1783, in fit

  File "/exports/eddie/scratch/s2445937/anaconda/envs/plankton/lib/python3.10/site-packages/keras/src/engine/training.py", line 1377, in train_function

  File "/exports/eddie/scratch/s2445937/anaconda/envs/plankton/lib/python3.10/site-packages/keras/src/engine/training.py", line 1360, in step_function

  File "/exports/eddie/scratch/s2445937/anaconda/envs/plankton/lib/python3.10/site-packages/keras/src/optimizers/optimizer.py", line 1345, in _distributed_apply_gradients_fn

  File "/exports/eddie/scratch/s2445937/anaconda/envs/plankton/lib/python3.10/site-packages/keras/src/optimizers/optimizer.py", line 1340, in apply_grad_to_update_var

2 root error(s) found.
  (0) FAILED_PRECONDITION:  DNN library initialization failed. Look at the errors above for more details.
	 [[{{node Adam/update_0_12/StatefulPartitionedCall}}]]
	 [[div_no_nan/Identity/_49]]
  (1) FAILED_PRECONDITION:  DNN library initialization failed. Look at the errors above for more details.
	 [[{{node Adam/update_0_12/StatefulPartitionedCall}}]]
0 successful operations.
0 derived errors ignored. [Op:__inference_train_function_5720]
WARNING: If you use conda to create environments, your home directory may fill up. Please see our documentation at 
 https://www.wiki.ed.ac.uk/display/ResearchServices/Anaconda for advice.
Traceback (most recent call last):
  File "/exports/eddie3_homes_local/s2445937/Brownian-Bug-Model/pnn/model_masha.py", line 8, in <module>
    import pandas as pd
ModuleNotFoundError: No module named 'pandas'
WARNING: If you use conda to create environments, your home directory may fill up. Please see our documentation at 
 https://www.wiki.ed.ac.uk/display/ResearchServices/Anaconda for advice.
2024-03-31 21:17:07.076902: I tensorflow/core/util/port.cc:111] oneDNN custom operations are on. You may see slightly different numerical results due to floating-point round-off errors from different computation orders. To turn them off, set the environment variable `TF_ENABLE_ONEDNN_OPTS=0`.
2024-03-31 21:17:07.644696: E tensorflow/compiler/xla/stream_executor/cuda/cuda_dnn.cc:9342] Unable to register cuDNN factory: Attempting to register factory for plugin cuDNN when one has already been registered
2024-03-31 21:17:07.644824: E tensorflow/compiler/xla/stream_executor/cuda/cuda_fft.cc:609] Unable to register cuFFT factory: Attempting to register factory for plugin cuFFT when one has already been registered
2024-03-31 21:17:07.651135: E tensorflow/compiler/xla/stream_executor/cuda/cuda_blas.cc:1518] Unable to register cuBLAS factory: Attempting to register factory for plugin cuBLAS when one has already been registered
2024-03-31 21:17:07.876438: I tensorflow/core/platform/cpu_feature_guard.cc:182] This TensorFlow binary is optimized to use available CPU instructions in performance-critical operations.
To enable the following instructions: AVX2 AVX512F AVX512_VNNI FMA, in other operations, rebuild TensorFlow with the appropriate compiler flags.
2024-03-31 21:17:27.472876: I tensorflow/core/common_runtime/gpu/gpu_device.cc:1886] Created device /job:localhost/replica:0/task:0/device:GPU:0 with 79087 MB memory:  -> device: 0, name: NVIDIA A100 80GB PCIe, pci bus id: 0000:ca:00.0, compute capability: 8.0
2024-03-31 21:17:34.513982: I tensorflow/core/util/cuda_solvers.cc:179] Creating GpuSolver handles for stream 0x556daaf30810
2024-03-31 21:17:35.734939: I tensorflow/compiler/xla/service/service.cc:168] XLA service 0x2b5e82192740 initialized for platform CUDA (this does not guarantee that XLA will be used). Devices:
2024-03-31 21:17:35.734993: I tensorflow/compiler/xla/service/service.cc:176]   StreamExecutor device (0): NVIDIA A100 80GB PCIe, Compute Capability 8.0
2024-03-31 21:17:35.763592: I tensorflow/compiler/mlir/tensorflow/utils/dump_mlir_util.cc:269] disabling MLIR crash reproducer, set env var `MLIR_CRASH_REPRODUCER_DIRECTORY` to enable.
2024-03-31 21:17:35.809339: I tensorflow/compiler/xla/stream_executor/cuda/cuda_dnn.cc:442] Loaded cuDNN version 8700
2024-03-31 21:17:35.948410: I ./tensorflow/compiler/jit/device_compiler.h:186] Compiled cluster using XLA!  This line is logged at most once for the lifetime of the process.
2024-03-31 21:17:36.198795: I tensorflow/compiler/xla/stream_executor/gpu/asm_compiler.cc:328] ptxas warning : Registers are spilled to local memory in function 'fusion', 8 bytes spill stores, 8 bytes spill loads

Traceback (most recent call last):
  File "/exports/eddie3_homes_local/s2445937/Brownian-Bug-Model/pnn/model_masha.py", line 137, in <module>
    df = pd.DataFrame(history.history)
NameError: name 'history' is not defined. Did you mean: 'History'?
WARNING: If you use conda to create environments, your home directory may fill up. Please see our documentation at 
 https://www.wiki.ed.ac.uk/display/ResearchServices/Anaconda for advice.
2024-03-31 22:37:43.774912: I tensorflow/core/util/port.cc:111] oneDNN custom operations are on. You may see slightly different numerical results due to floating-point round-off errors from different computation orders. To turn them off, set the environment variable `TF_ENABLE_ONEDNN_OPTS=0`.
2024-03-31 22:37:44.403153: E tensorflow/compiler/xla/stream_executor/cuda/cuda_dnn.cc:9342] Unable to register cuDNN factory: Attempting to register factory for plugin cuDNN when one has already been registered
2024-03-31 22:37:44.403241: E tensorflow/compiler/xla/stream_executor/cuda/cuda_fft.cc:609] Unable to register cuFFT factory: Attempting to register factory for plugin cuFFT when one has already been registered
2024-03-31 22:37:44.416082: E tensorflow/compiler/xla/stream_executor/cuda/cuda_blas.cc:1518] Unable to register cuBLAS factory: Attempting to register factory for plugin cuBLAS when one has already been registered
2024-03-31 22:37:44.631240: I tensorflow/core/platform/cpu_feature_guard.cc:182] This TensorFlow binary is optimized to use available CPU instructions in performance-critical operations.
To enable the following instructions: AVX2 AVX512F AVX512_VNNI FMA, in other operations, rebuild TensorFlow with the appropriate compiler flags.
2024-03-31 22:38:11.318097: I tensorflow/core/common_runtime/gpu/gpu_device.cc:1886] Created device /job:localhost/replica:0/task:0/device:GPU:0 with 70861 MB memory:  -> device: 0, name: NVIDIA A100 80GB PCIe, pci bus id: 0000:17:00.0, compute capability: 8.0
2024-03-31 22:38:20.073925: I tensorflow/core/util/cuda_solvers.cc:179] Creating GpuSolver handles for stream 0x55a25ffd6ed0
2024-03-31 22:38:21.422867: I tensorflow/compiler/xla/service/service.cc:168] XLA service 0x2bb62df07950 initialized for platform CUDA (this does not guarantee that XLA will be used). Devices:
2024-03-31 22:38:21.422927: I tensorflow/compiler/xla/service/service.cc:176]   StreamExecutor device (0): NVIDIA A100 80GB PCIe, Compute Capability 8.0
2024-03-31 22:38:21.459871: I tensorflow/compiler/mlir/tensorflow/utils/dump_mlir_util.cc:269] disabling MLIR crash reproducer, set env var `MLIR_CRASH_REPRODUCER_DIRECTORY` to enable.
2024-03-31 22:38:21.511110: I tensorflow/compiler/xla/stream_executor/cuda/cuda_dnn.cc:442] Loaded cuDNN version 8700
2024-03-31 22:38:21.668262: I ./tensorflow/compiler/jit/device_compiler.h:186] Compiled cluster using XLA!  This line is logged at most once for the lifetime of the process.
2024-03-31 22:38:21.929832: I tensorflow/compiler/xla/stream_executor/gpu/asm_compiler.cc:328] ptxas warning : Registers are spilled to local memory in function 'fusion', 8 bytes spill stores, 8 bytes spill loads

Traceback (most recent call last):
  File "/exports/eddie3_homes_local/s2445937/Brownian-Bug-Model/pnn/model_masha.py", line 137, in <module>
    df = pd.DataFrame(history.history)
NameError: name 'history' is not defined. Did you mean: 'History'?
WARNING: If you use conda to create environments, your home directory may fill up. Please see our documentation at 
 https://www.wiki.ed.ac.uk/display/ResearchServices/Anaconda for advice.
2024-04-01 12:49:18.746760: I tensorflow/core/util/port.cc:111] oneDNN custom operations are on. You may see slightly different numerical results due to floating-point round-off errors from different computation orders. To turn them off, set the environment variable `TF_ENABLE_ONEDNN_OPTS=0`.
2024-04-01 12:49:19.289081: E tensorflow/compiler/xla/stream_executor/cuda/cuda_dnn.cc:9342] Unable to register cuDNN factory: Attempting to register factory for plugin cuDNN when one has already been registered
2024-04-01 12:49:19.289189: E tensorflow/compiler/xla/stream_executor/cuda/cuda_fft.cc:609] Unable to register cuFFT factory: Attempting to register factory for plugin cuFFT when one has already been registered
2024-04-01 12:49:19.298000: E tensorflow/compiler/xla/stream_executor/cuda/cuda_blas.cc:1518] Unable to register cuBLAS factory: Attempting to register factory for plugin cuBLAS when one has already been registered
2024-04-01 12:49:19.494402: I tensorflow/core/platform/cpu_feature_guard.cc:182] This TensorFlow binary is optimized to use available CPU instructions in performance-critical operations.
To enable the following instructions: AVX2 AVX512F AVX512_VNNI FMA, in other operations, rebuild TensorFlow with the appropriate compiler flags.
2024-04-01 12:49:43.528721: I tensorflow/core/common_runtime/gpu/gpu_device.cc:1886] Created device /job:localhost/replica:0/task:0/device:GPU:0 with 79087 MB memory:  -> device: 0, name: NVIDIA A100 80GB PCIe, pci bus id: 0000:e3:00.0, compute capability: 8.0
2024-04-01 12:49:52.292707: I tensorflow/core/util/cuda_solvers.cc:179] Creating GpuSolver handles for stream 0x55f240f83220
2024-04-01 12:49:53.609119: I tensorflow/compiler/xla/service/service.cc:168] XLA service 0x2ab24dce7f40 initialized for platform CUDA (this does not guarantee that XLA will be used). Devices:
2024-04-01 12:49:53.609231: I tensorflow/compiler/xla/service/service.cc:176]   StreamExecutor device (0): NVIDIA A100 80GB PCIe, Compute Capability 8.0
2024-04-01 12:49:53.664953: I tensorflow/compiler/mlir/tensorflow/utils/dump_mlir_util.cc:269] disabling MLIR crash reproducer, set env var `MLIR_CRASH_REPRODUCER_DIRECTORY` to enable.
2024-04-01 12:49:53.721251: I tensorflow/compiler/xla/stream_executor/cuda/cuda_dnn.cc:442] Loaded cuDNN version 8700
2024-04-01 12:49:53.897461: I tensorflow/compiler/xla/stream_executor/gpu/asm_compiler.cc:328] ptxas warning : Registers are spilled to local memory in function 'fusion', 8 bytes spill stores, 8 bytes spill loads

2024-04-01 12:49:53.925458: I ./tensorflow/compiler/jit/device_compiler.h:186] Compiled cluster using XLA!  This line is logged at most once for the lifetime of the process.
2024-04-01 12:49:54.209385: I tensorflow/compiler/xla/stream_executor/gpu/asm_compiler.cc:328] ptxas warning : Registers are spilled to local memory in function 'fusion', 8 bytes spill stores, 8 bytes spill loads

Traceback (most recent call last):
  File "/exports/eddie3_homes_local/s2445937/Brownian-Bug-Model/pnn/model_masha.py", line 137, in <module>
    df = pd.DataFrame(history.history)
NameError: name 'history' is not defined. Did you mean: 'History'?
WARNING: If you use conda to create environments, your home directory may fill up. Please see our documentation at 
 https://www.wiki.ed.ac.uk/display/ResearchServices/Anaconda for advice.
2024-04-01 12:59:26.389280: I tensorflow/core/util/port.cc:111] oneDNN custom operations are on. You may see slightly different numerical results due to floating-point round-off errors from different computation orders. To turn them off, set the environment variable `TF_ENABLE_ONEDNN_OPTS=0`.
2024-04-01 12:59:26.453213: E tensorflow/compiler/xla/stream_executor/cuda/cuda_dnn.cc:9342] Unable to register cuDNN factory: Attempting to register factory for plugin cuDNN when one has already been registered
2024-04-01 12:59:26.453268: E tensorflow/compiler/xla/stream_executor/cuda/cuda_fft.cc:609] Unable to register cuFFT factory: Attempting to register factory for plugin cuFFT when one has already been registered
2024-04-01 12:59:26.453308: E tensorflow/compiler/xla/stream_executor/cuda/cuda_blas.cc:1518] Unable to register cuBLAS factory: Attempting to register factory for plugin cuBLAS when one has already been registered
2024-04-01 12:59:26.467316: I tensorflow/core/platform/cpu_feature_guard.cc:182] This TensorFlow binary is optimized to use available CPU instructions in performance-critical operations.
To enable the following instructions: AVX2 AVX512F AVX512_VNNI FMA, in other operations, rebuild TensorFlow with the appropriate compiler flags.
2024-04-01 12:59:49.670159: I tensorflow/core/common_runtime/gpu/gpu_device.cc:1886] Created device /job:localhost/replica:0/task:0/device:GPU:0 with 79087 MB memory:  -> device: 0, name: NVIDIA A100 80GB PCIe, pci bus id: 0000:e3:00.0, compute capability: 8.0
2024-04-01 12:59:57.727506: I tensorflow/core/util/cuda_solvers.cc:179] Creating GpuSolver handles for stream 0x560e0544f930
2024-04-01 12:59:58.891946: I tensorflow/compiler/xla/service/service.cc:168] XLA service 0x2b89c3e47480 initialized for platform CUDA (this does not guarantee that XLA will be used). Devices:
2024-04-01 12:59:58.891996: I tensorflow/compiler/xla/service/service.cc:176]   StreamExecutor device (0): NVIDIA A100 80GB PCIe, Compute Capability 8.0
2024-04-01 12:59:58.898443: I tensorflow/compiler/mlir/tensorflow/utils/dump_mlir_util.cc:269] disabling MLIR crash reproducer, set env var `MLIR_CRASH_REPRODUCER_DIRECTORY` to enable.
2024-04-01 12:59:58.933725: I tensorflow/compiler/xla/stream_executor/cuda/cuda_dnn.cc:442] Loaded cuDNN version 8700
2024-04-01 12:59:59.056384: I tensorflow/compiler/xla/stream_executor/gpu/asm_compiler.cc:328] ptxas warning : Registers are spilled to local memory in function 'fusion', 8 bytes spill stores, 8 bytes spill loads

2024-04-01 12:59:59.073038: I ./tensorflow/compiler/jit/device_compiler.h:186] Compiled cluster using XLA!  This line is logged at most once for the lifetime of the process.
2024-04-01 12:59:59.330693: I tensorflow/compiler/xla/stream_executor/gpu/asm_compiler.cc:328] ptxas warning : Registers are spilled to local memory in function 'fusion', 8 bytes spill stores, 8 bytes spill loads

Traceback (most recent call last):
  File "/exports/eddie3_homes_local/s2445937/Brownian-Bug-Model/pnn/model_masha.py", line 137, in <module>
    df = pd.DataFrame(history.history)
NameError: name 'history' is not defined. Did you mean: 'History'?
WARNING: If you use conda to create environments, your home directory may fill up. Please see our documentation at 
 https://www.wiki.ed.ac.uk/display/ResearchServices/Anaconda for advice.
2024-04-01 19:47:44.580346: I tensorflow/core/util/port.cc:111] oneDNN custom operations are on. You may see slightly different numerical results due to floating-point round-off errors from different computation orders. To turn them off, set the environment variable `TF_ENABLE_ONEDNN_OPTS=0`.
2024-04-01 19:47:45.237384: E tensorflow/compiler/xla/stream_executor/cuda/cuda_dnn.cc:9342] Unable to register cuDNN factory: Attempting to register factory for plugin cuDNN when one has already been registered
2024-04-01 19:47:45.237498: E tensorflow/compiler/xla/stream_executor/cuda/cuda_fft.cc:609] Unable to register cuFFT factory: Attempting to register factory for plugin cuFFT when one has already been registered
2024-04-01 19:47:45.247877: E tensorflow/compiler/xla/stream_executor/cuda/cuda_blas.cc:1518] Unable to register cuBLAS factory: Attempting to register factory for plugin cuBLAS when one has already been registered
2024-04-01 19:47:45.451473: I tensorflow/core/platform/cpu_feature_guard.cc:182] This TensorFlow binary is optimized to use available CPU instructions in performance-critical operations.
To enable the following instructions: AVX2 AVX512F AVX512_VNNI FMA, in other operations, rebuild TensorFlow with the appropriate compiler flags.
2024-04-01 19:48:09.397209: I tensorflow/core/common_runtime/gpu/gpu_device.cc:1886] Created device /job:localhost/replica:0/task:0/device:GPU:0 with 79087 MB memory:  -> device: 0, name: NVIDIA A100 80GB PCIe, pci bus id: 0000:65:00.0, compute capability: 8.0
2024-04-01 19:48:17.875680: I tensorflow/core/util/cuda_solvers.cc:179] Creating GpuSolver handles for stream 0x56277c4c7800
2024-04-01 19:48:19.236834: I tensorflow/compiler/xla/service/service.cc:168] XLA service 0x2b7b14117130 initialized for platform CUDA (this does not guarantee that XLA will be used). Devices:
2024-04-01 19:48:19.236931: I tensorflow/compiler/xla/service/service.cc:176]   StreamExecutor device (0): NVIDIA A100 80GB PCIe, Compute Capability 8.0
2024-04-01 19:48:19.290744: I tensorflow/compiler/mlir/tensorflow/utils/dump_mlir_util.cc:269] disabling MLIR crash reproducer, set env var `MLIR_CRASH_REPRODUCER_DIRECTORY` to enable.
2024-04-01 19:48:19.343103: I tensorflow/compiler/xla/stream_executor/cuda/cuda_dnn.cc:442] Loaded cuDNN version 8700
2024-04-01 19:48:19.507418: I tensorflow/compiler/xla/stream_executor/gpu/asm_compiler.cc:328] ptxas warning : Registers are spilled to local memory in function 'fusion', 8 bytes spill stores, 8 bytes spill loads

2024-04-01 19:48:19.536492: I ./tensorflow/compiler/jit/device_compiler.h:186] Compiled cluster using XLA!  This line is logged at most once for the lifetime of the process.
2024-04-01 19:48:19.796960: I tensorflow/compiler/xla/stream_executor/gpu/asm_compiler.cc:328] ptxas warning : Registers are spilled to local memory in function 'fusion', 8 bytes spill stores, 8 bytes spill loads

Traceback (most recent call last):
  File "/exports/eddie3_homes_local/s2445937/Brownian-Bug-Model/pnn/model_masha.py", line 137, in <module>
    df = pd.DataFrame(history.history)
NameError: name 'history' is not defined. Did you mean: 'History'?
WARNING: If you use conda to create environments, your home directory may fill up. Please see our documentation at 
 https://www.wiki.ed.ac.uk/display/ResearchServices/Anaconda for advice.
2024-04-02 09:33:06.310583: I tensorflow/core/util/port.cc:111] oneDNN custom operations are on. You may see slightly different numerical results due to floating-point round-off errors from different computation orders. To turn them off, set the environment variable `TF_ENABLE_ONEDNN_OPTS=0`.
2024-04-02 09:33:07.134356: E tensorflow/compiler/xla/stream_executor/cuda/cuda_dnn.cc:9342] Unable to register cuDNN factory: Attempting to register factory for plugin cuDNN when one has already been registered
2024-04-02 09:33:07.134486: E tensorflow/compiler/xla/stream_executor/cuda/cuda_fft.cc:609] Unable to register cuFFT factory: Attempting to register factory for plugin cuFFT when one has already been registered
2024-04-02 09:33:07.149281: E tensorflow/compiler/xla/stream_executor/cuda/cuda_blas.cc:1518] Unable to register cuBLAS factory: Attempting to register factory for plugin cuBLAS when one has already been registered
2024-04-02 09:33:07.409997: I tensorflow/core/platform/cpu_feature_guard.cc:182] This TensorFlow binary is optimized to use available CPU instructions in performance-critical operations.
To enable the following instructions: AVX2 AVX512F AVX512_VNNI FMA, in other operations, rebuild TensorFlow with the appropriate compiler flags.
2024-04-02 09:33:33.237870: I tensorflow/core/common_runtime/gpu/gpu_device.cc:1886] Created device /job:localhost/replica:0/task:0/device:GPU:0 with 70859 MB memory:  -> device: 0, name: NVIDIA A100 80GB PCIe, pci bus id: 0000:e3:00.0, compute capability: 8.0
2024-04-02 09:33:42.067952: I tensorflow/core/util/cuda_solvers.cc:179] Creating GpuSolver handles for stream 0x55e756c26f20
2024-04-02 09:33:43.415116: I tensorflow/compiler/xla/service/service.cc:168] XLA service 0x2addcb330010 initialized for platform CUDA (this does not guarantee that XLA will be used). Devices:
2024-04-02 09:33:43.415218: I tensorflow/compiler/xla/service/service.cc:176]   StreamExecutor device (0): NVIDIA A100 80GB PCIe, Compute Capability 8.0
2024-04-02 09:33:43.472330: I tensorflow/compiler/mlir/tensorflow/utils/dump_mlir_util.cc:269] disabling MLIR crash reproducer, set env var `MLIR_CRASH_REPRODUCER_DIRECTORY` to enable.
2024-04-02 09:33:43.523997: I tensorflow/compiler/xla/stream_executor/cuda/cuda_dnn.cc:442] Loaded cuDNN version 8700
2024-04-02 09:33:43.655714: I tensorflow/compiler/xla/stream_executor/gpu/asm_compiler.cc:328] ptxas warning : Registers are spilled to local memory in function 'fusion', 8 bytes spill stores, 8 bytes spill loads

2024-04-02 09:33:43.672783: I ./tensorflow/compiler/jit/device_compiler.h:186] Compiled cluster using XLA!  This line is logged at most once for the lifetime of the process.
2024-04-02 09:33:43.930887: I tensorflow/compiler/xla/stream_executor/gpu/asm_compiler.cc:328] ptxas warning : Registers are spilled to local memory in function 'fusion', 8 bytes spill stores, 8 bytes spill loads

Traceback (most recent call last):
  File "/exports/eddie3_homes_local/s2445937/Brownian-Bug-Model/pnn/model_masha.py", line 137, in <module>
    df = pd.DataFrame(history.history)
NameError: name 'history' is not defined. Did you mean: 'History'?
WARNING: If you use conda to create environments, your home directory may fill up. Please see our documentation at 
 https://www.wiki.ed.ac.uk/display/ResearchServices/Anaconda for advice.
2024-04-02 14:39:07.002088: I tensorflow/core/util/port.cc:111] oneDNN custom operations are on. You may see slightly different numerical results due to floating-point round-off errors from different computation orders. To turn them off, set the environment variable `TF_ENABLE_ONEDNN_OPTS=0`.
2024-04-02 14:39:07.743896: E tensorflow/compiler/xla/stream_executor/cuda/cuda_dnn.cc:9342] Unable to register cuDNN factory: Attempting to register factory for plugin cuDNN when one has already been registered
2024-04-02 14:39:07.744022: E tensorflow/compiler/xla/stream_executor/cuda/cuda_fft.cc:609] Unable to register cuFFT factory: Attempting to register factory for plugin cuFFT when one has already been registered
2024-04-02 14:39:07.744201: E tensorflow/compiler/xla/stream_executor/cuda/cuda_blas.cc:1518] Unable to register cuBLAS factory: Attempting to register factory for plugin cuBLAS when one has already been registered
2024-04-02 14:39:07.998187: I tensorflow/core/platform/cpu_feature_guard.cc:182] This TensorFlow binary is optimized to use available CPU instructions in performance-critical operations.
To enable the following instructions: AVX2 AVX512F AVX512_VNNI FMA, in other operations, rebuild TensorFlow with the appropriate compiler flags.
2024-04-02 14:39:24.526633: I tensorflow/core/common_runtime/gpu/gpu_device.cc:1886] Created device /job:localhost/replica:0/task:0/device:GPU:0 with 70859 MB memory:  -> device: 0, name: NVIDIA A100 80GB PCIe, pci bus id: 0000:e3:00.0, compute capability: 8.0
2024-04-02 14:39:33.355957: I tensorflow/core/util/cuda_solvers.cc:179] Creating GpuSolver handles for stream 0x55df9979e270
2024-04-02 14:39:35.208311: I tensorflow/compiler/xla/service/service.cc:168] XLA service 0x2b788f2935f0 initialized for platform CUDA (this does not guarantee that XLA will be used). Devices:
2024-04-02 14:39:35.208415: I tensorflow/compiler/xla/service/service.cc:176]   StreamExecutor device (0): NVIDIA A100 80GB PCIe, Compute Capability 8.0
2024-04-02 14:39:35.301411: I tensorflow/compiler/mlir/tensorflow/utils/dump_mlir_util.cc:269] disabling MLIR crash reproducer, set env var `MLIR_CRASH_REPRODUCER_DIRECTORY` to enable.
2024-04-02 14:39:35.467418: I tensorflow/compiler/xla/stream_executor/cuda/cuda_dnn.cc:442] Loaded cuDNN version 8700
2024-04-02 14:39:35.776634: I tensorflow/compiler/xla/stream_executor/gpu/asm_compiler.cc:328] ptxas warning : Registers are spilled to local memory in function 'fusion', 8 bytes spill stores, 8 bytes spill loads

2024-04-02 14:39:35.820207: I ./tensorflow/compiler/jit/device_compiler.h:186] Compiled cluster using XLA!  This line is logged at most once for the lifetime of the process.
2024-04-02 14:39:36.246307: I tensorflow/compiler/xla/stream_executor/gpu/asm_compiler.cc:328] ptxas warning : Registers are spilled to local memory in function 'fusion', 8 bytes spill stores, 8 bytes spill loads

Traceback (most recent call last):
  File "/exports/eddie3_homes_local/s2445937/Brownian-Bug-Model/pnn/model_masha.py", line 137, in <module>
    df = pd.DataFrame(history.history)
NameError: name 'history' is not defined. Did you mean: 'History'?
