CUDA_VISIBLE_DEVICES: 
CUDA_VISIBLE_DEVICES: 0
Importing packages
Loaded the libraries.
[PhysicalDevice(name='/physical_device:CPU:0', device_type='CPU'), PhysicalDevice(name='/physical_device:GPU:0', device_type='GPU')]
load (3000000, 4, 2)
load (3000000, 4, 2)
load (3000000, 4, 2)
load (3000000, 4, 2)
Loaded N = 10000000 datapoints
Built the model.
Epoch 1/500
CUDA_VISIBLE_DEVICES: 
CUDA_VISIBLE_DEVICES: 1
CUDA_VISIBLE_DEVICES: 
CUDA_VISIBLE_DEVICES: 2
Loaded the libraries.
[PhysicalDevice(name='/physical_device:CPU:0', device_type='CPU'), PhysicalDevice(name='/physical_device:GPU:0', device_type='GPU')]
load (3000000, 4, 2)
load (3000000, 4, 2)
load (3000000, 4, 2)
load (3000000, 4, 2)
Loaded N = 10000000 datapoints
Built the model.
Epoch 1/500
977/977 - 18s - loss: 3.1414 - val_loss: 3.1403 - 18s/epoch - 18ms/step
Epoch 2/500
977/977 - 8s - loss: 2.4948 - val_loss: 2.8863 - 8s/epoch - 8ms/step
Epoch 3/500
977/977 - 8s - loss: 2.1255 - val_loss: 2.6117 - 8s/epoch - 8ms/step
Epoch 4/500
977/977 - 8s - loss: 1.9138 - val_loss: 2.5676 - 8s/epoch - 8ms/step
Epoch 5/500
977/977 - 8s - loss: 1.8183 - val_loss: 2.5336 - 8s/epoch - 8ms/step
Epoch 6/500
977/977 - 8s - loss: 1.7495 - val_loss: 2.5364 - 8s/epoch - 8ms/step
Epoch 7/500
977/977 - 8s - loss: 1.6934 - val_loss: 2.5485 - 8s/epoch - 8ms/step
Epoch 8/500
977/977 - 8s - loss: 1.6454 - val_loss: 2.5244 - 8s/epoch - 8ms/step
Epoch 9/500
977/977 - 8s - loss: 1.6017 - val_loss: 2.5491 - 8s/epoch - 8ms/step
Epoch 10/500

Epoch 10: saving model to models/masha/GDP_4day_NC15/checkpoint_epoch_10/weights
977/977 - 8s - loss: 1.5623 - val_loss: 2.5444 - 8s/epoch - 8ms/step
Epoch 11/500
977/977 - 8s - loss: 1.5257 - val_loss: 2.5921 - 8s/epoch - 8ms/step
Epoch 12/500
977/977 - 8s - loss: 1.4915 - val_loss: 2.5710 - 8s/epoch - 8ms/step
Epoch 13/500
977/977 - 8s - loss: 1.4595 - val_loss: 2.5877 - 8s/epoch - 8ms/step
Epoch 14/500
977/977 - 8s - loss: 1.4295 - val_loss: 2.5841 - 8s/epoch - 8ms/step
Epoch 15/500
977/977 - 8s - loss: 1.4009 - val_loss: 2.6247 - 8s/epoch - 8ms/step
Epoch 16/500
977/977 - 8s - loss: 1.3746 - val_loss: 2.6107 - 8s/epoch - 8ms/step
Epoch 17/500
977/977 - 8s - loss: 1.3491 - val_loss: 2.6292 - 8s/epoch - 8ms/step
Epoch 18/500
977/977 - 8s - loss: 1.3254 - val_loss: 2.6007 - 8s/epoch - 8ms/step
Epoch 19/500
977/977 - 8s - loss: 1.3025 - val_loss: 2.6046 - 8s/epoch - 8ms/step
Epoch 20/500

Epoch 20: saving model to models/masha/GDP_4day_NC15/checkpoint_epoch_20/weights
977/977 - 8s - loss: 1.2811 - val_loss: 2.6574 - 8s/epoch - 8ms/step
Epoch 21/500
977/977 - 8s - loss: 1.2603 - val_loss: 2.7073 - 8s/epoch - 8ms/step
Epoch 22/500
977/977 - 8s - loss: 1.2406 - val_loss: 2.7311 - 8s/epoch - 8ms/step
Epoch 23/500
977/977 - 8s - loss: 1.2221 - val_loss: 2.6895 - 8s/epoch - 8ms/step
Epoch 24/500
977/977 - 8s - loss: 1.2040 - val_loss: 2.6808 - 8s/epoch - 8ms/step
Epoch 25/500
977/977 - 8s - loss: 1.1874 - val_loss: 2.7240 - 8s/epoch - 8ms/step
Epoch 26/500
977/977 - 8s - loss: 1.1716 - val_loss: 2.7726 - 8s/epoch - 8ms/step
Epoch 27/500
977/977 - 8s - loss: 1.1566 - val_loss: 2.7735 - 8s/epoch - 8ms/step
Epoch 28/500
977/977 - 8s - loss: 1.1419 - val_loss: 2.7998 - 8s/epoch - 8ms/step
Epoch 29/500
977/977 - 8s - loss: 1.1287 - val_loss: 2.8058 - 8s/epoch - 8ms/step
Epoch 30/500

Epoch 30: saving model to models/masha/GDP_4day_NC15/checkpoint_epoch_30/weights
977/977 - 8s - loss: 1.1161 - val_loss: 2.8527 - 8s/epoch - 8ms/step
Epoch 31/500
977/977 - 8s - loss: 1.1032 - val_loss: 2.8479 - 8s/epoch - 8ms/step
Epoch 32/500
977/977 - 8s - loss: 1.0914 - val_loss: 2.8468 - 8s/epoch - 8ms/step
Epoch 33/500
977/977 - 8s - loss: 1.0807 - val_loss: 2.8810 - 8s/epoch - 8ms/step
Epoch 34/500
977/977 - 8s - loss: 1.0689 - val_loss: 2.8866 - 8s/epoch - 8ms/step
Epoch 35/500
977/977 - 8s - loss: 1.0582 - val_loss: 2.8663 - 8s/epoch - 8ms/step
Epoch 36/500
977/977 - 8s - loss: 1.0483 - val_loss: 2.9260 - 8s/epoch - 8ms/step
Epoch 37/500
977/977 - 8s - loss: 1.0382 - val_loss: 2.9528 - 8s/epoch - 8ms/step
Epoch 38/500
977/977 - 8s - loss: 1.0298 - val_loss: 2.9971 - 8s/epoch - 8ms/step
Epoch 39/500
977/977 - 8s - loss: 1.0206 - val_loss: 2.9783 - 8s/epoch - 8ms/step
Epoch 40/500

Epoch 40: saving model to models/masha/GDP_4day_NC15/checkpoint_epoch_40/weights
977/977 - 8s - loss: 1.0108 - val_loss: 2.9884 - 8s/epoch - 8ms/step
Epoch 41/500
977/977 - 8s - loss: 1.0021 - val_loss: 3.0362 - 8s/epoch - 8ms/step
Epoch 42/500
977/977 - 8s - loss: 0.9938 - val_loss: 3.0047 - 8s/epoch - 8ms/step
Epoch 43/500
977/977 - 8s - loss: 0.9855 - val_loss: 3.0654 - 8s/epoch - 8ms/step
Epoch 44/500
977/977 - 8s - loss: 0.9772 - val_loss: 3.0485 - 8s/epoch - 8ms/step
Epoch 45/500
977/977 - 8s - loss: 0.9699 - val_loss: 3.0741 - 8s/epoch - 8ms/step
Epoch 46/500
977/977 - 8s - loss: 0.9617 - val_loss: 3.0838 - 8s/epoch - 8ms/step
Epoch 47/500
977/977 - 8s - loss: 0.9541 - val_loss: 3.0527 - 8s/epoch - 8ms/step
Epoch 48/500
977/977 - 8s - loss: 0.9480 - val_loss: 3.1176 - 8s/epoch - 8ms/step
Epoch 49/500
977/977 - 8s - loss: 0.9406 - val_loss: 3.1158 - 8s/epoch - 8ms/step
Epoch 50/500

Epoch 50: saving model to models/masha/GDP_4day_NC15/checkpoint_epoch_50/weights
977/977 - 8s - loss: 0.9334 - val_loss: 3.0896 - 8s/epoch - 8ms/step
Epoch 51/500
977/977 - 8s - loss: 0.9261 - val_loss: 3.1856 - 8s/epoch - 8ms/step
Epoch 52/500
977/977 - 8s - loss: 0.9196 - val_loss: 3.1245 - 8s/epoch - 8ms/step
Epoch 53/500
977/977 - 8s - loss: 0.9128 - val_loss: 3.1703 - 8s/epoch - 8ms/step
Epoch 54/500
977/977 - 8s - loss: 0.9068 - val_loss: 3.1311 - 8s/epoch - 8ms/step
Epoch 55/500
977/977 - 8s - loss: 0.9007 - val_loss: 3.1441 - 8s/epoch - 8ms/step
Epoch 56/500
977/977 - 8s - loss: 0.8945 - val_loss: 3.1631 - 8s/epoch - 8ms/step
Epoch 57/500
977/977 - 8s - loss: 0.8881 - val_loss: 3.1901 - 8s/epoch - 8ms/step
Epoch 58/500
977/977 - 8s - loss: 0.8824 - val_loss: 3.2640 - 8s/epoch - 8ms/step
CUDA_VISIBLE_DEVICES: 
CUDA_VISIBLE_DEVICES: 0
Loaded the libraries.
[PhysicalDevice(name='/physical_device:CPU:0', device_type='CPU'), PhysicalDevice(name='/physical_device:GPU:0', device_type='GPU')]
load (3000000, 4, 2)
load (3000000, 4, 2)
load (3000000, 4, 2)
load (3000000, 4, 2)
load (3000000, 4, 2)
load (3000000, 4, 2)
load (3000000, 4, 2)
load (3000000, 4, 2)
load (1084549, 4, 2)
Loaded N = 25084550 datapoints
Built the model.
Epoch 1/500
2450/2450 - 41s - loss: 2.8624 - val_loss: 2.1795 - 41s/epoch - 17ms/step
Epoch 2/500
2450/2450 - 29s - loss: 2.1042 - val_loss: 2.0081 - 29s/epoch - 12ms/step
Epoch 3/500
2450/2450 - 24s - loss: 1.9933 - val_loss: 1.9748 - 24s/epoch - 10ms/step
Epoch 4/500
2450/2450 - 28s - loss: 1.9159 - val_loss: 1.9419 - 28s/epoch - 12ms/step
Epoch 5/500
2450/2450 - 27s - loss: 1.8473 - val_loss: 1.9088 - 27s/epoch - 11ms/step
Epoch 6/500
2450/2450 - 29s - loss: 1.7912 - val_loss: 1.8872 - 29s/epoch - 12ms/step
Epoch 7/500
2450/2450 - 29s - loss: 1.7480 - val_loss: 1.8742 - 29s/epoch - 12ms/step
Epoch 8/500
2450/2450 - 29s - loss: 1.7136 - val_loss: 1.8428 - 29s/epoch - 12ms/step
Epoch 9/500
2450/2450 - 29s - loss: 1.6850 - val_loss: 1.8364 - 29s/epoch - 12ms/step
Epoch 10/500

Epoch 10: saving model to models/masha/GDP_4day_NC15/checkpoint_epoch_10/weights
2450/2450 - 29s - loss: 1.6613 - val_loss: 1.8516 - 29s/epoch - 12ms/step
Epoch 11/500
2450/2450 - 29s - loss: 1.6414 - val_loss: 1.8445 - 29s/epoch - 12ms/step
Epoch 12/500
2450/2450 - 29s - loss: 1.6240 - val_loss: 1.8418 - 29s/epoch - 12ms/step
Epoch 13/500
2450/2450 - 29s - loss: 1.6086 - val_loss: 1.8215 - 29s/epoch - 12ms/step
Epoch 14/500
2450/2450 - 30s - loss: 1.5945 - val_loss: 1.8351 - 30s/epoch - 12ms/step
Epoch 15/500
2450/2450 - 29s - loss: 1.5816 - val_loss: 1.8419 - 29s/epoch - 12ms/step
Epoch 16/500
2450/2450 - 29s - loss: 1.5696 - val_loss: 1.8325 - 29s/epoch - 12ms/step
Epoch 17/500
2450/2450 - 29s - loss: 1.5585 - val_loss: 1.8494 - 29s/epoch - 12ms/step
Epoch 18/500
2450/2450 - 27s - loss: 1.5475 - val_loss: 1.8421 - 27s/epoch - 11ms/step
Epoch 19/500
2450/2450 - 29s - loss: 1.5373 - val_loss: 1.8458 - 29s/epoch - 12ms/step
Epoch 20/500

Epoch 20: saving model to models/masha/GDP_4day_NC15/checkpoint_epoch_20/weights
2450/2450 - 29s - loss: 1.5277 - val_loss: 1.8364 - 29s/epoch - 12ms/step
Epoch 21/500
2450/2450 - 24s - loss: 1.5188 - val_loss: 1.8451 - 24s/epoch - 10ms/step
Epoch 22/500
2450/2450 - 28s - loss: 1.5099 - val_loss: 1.8292 - 28s/epoch - 11ms/step
Epoch 23/500
2450/2450 - 29s - loss: 1.5017 - val_loss: 1.8477 - 29s/epoch - 12ms/step
Epoch 24/500
2450/2450 - 29s - loss: 1.4941 - val_loss: 1.8390 - 29s/epoch - 12ms/step
Epoch 25/500
2450/2450 - 29s - loss: 1.4868 - val_loss: 1.8427 - 29s/epoch - 12ms/step
Epoch 26/500
2450/2450 - 27s - loss: 1.4796 - val_loss: 1.8406 - 27s/epoch - 11ms/step
Epoch 27/500
2450/2450 - 29s - loss: 1.4725 - val_loss: 1.8529 - 29s/epoch - 12ms/step
Epoch 28/500
2450/2450 - 27s - loss: 1.4658 - val_loss: 1.8408 - 27s/epoch - 11ms/step
Epoch 29/500
2450/2450 - 29s - loss: 1.4593 - val_loss: 1.8653 - 29s/epoch - 12ms/step
Epoch 30/500

Epoch 30: saving model to models/masha/GDP_4day_NC15/checkpoint_epoch_30/weights
2450/2450 - 29s - loss: 1.4527 - val_loss: 1.8397 - 29s/epoch - 12ms/step
Epoch 31/500
2450/2450 - 29s - loss: 1.4471 - val_loss: 1.8504 - 29s/epoch - 12ms/step
Epoch 32/500
2450/2450 - 30s - loss: 1.4410 - val_loss: 1.8635 - 30s/epoch - 12ms/step
Epoch 33/500
2450/2450 - 29s - loss: 1.4354 - val_loss: 1.8597 - 29s/epoch - 12ms/step
Epoch 34/500
2450/2450 - 29s - loss: 1.4298 - val_loss: 1.8618 - 29s/epoch - 12ms/step
Epoch 35/500
2450/2450 - 29s - loss: 1.4247 - val_loss: 1.8611 - 29s/epoch - 12ms/step
Epoch 36/500
2450/2450 - 29s - loss: 1.4190 - val_loss: 1.8642 - 29s/epoch - 12ms/step
Epoch 37/500
2450/2450 - 29s - loss: 1.4140 - val_loss: 1.8746 - 29s/epoch - 12ms/step
Epoch 38/500
2450/2450 - 29s - loss: 1.4092 - val_loss: 1.8631 - 29s/epoch - 12ms/step
Epoch 39/500
2450/2450 - 25s - loss: 1.4045 - val_loss: 1.8820 - 25s/epoch - 10ms/step
Epoch 40/500

Epoch 40: saving model to models/masha/GDP_4day_NC15/checkpoint_epoch_40/weights
2450/2450 - 27s - loss: 1.3995 - val_loss: 1.8694 - 27s/epoch - 11ms/step
Epoch 41/500
2450/2450 - 29s - loss: 1.3951 - val_loss: 1.8865 - 29s/epoch - 12ms/step
Epoch 42/500
2450/2450 - 29s - loss: 1.3901 - val_loss: 1.9008 - 29s/epoch - 12ms/step
Epoch 43/500
2450/2450 - 29s - loss: 1.3858 - val_loss: 1.9003 - 29s/epoch - 12ms/step
Epoch 44/500
2450/2450 - 29s - loss: 1.3811 - val_loss: 1.8892 - 29s/epoch - 12ms/step
Epoch 45/500
2450/2450 - 29s - loss: 1.3770 - val_loss: 1.9117 - 29s/epoch - 12ms/step
Epoch 46/500
2450/2450 - 29s - loss: 1.3725 - val_loss: 1.8918 - 29s/epoch - 12ms/step
Epoch 47/500
2450/2450 - 27s - loss: 1.3690 - val_loss: 1.9082 - 27s/epoch - 11ms/step
Epoch 48/500
2450/2450 - 29s - loss: 1.3641 - val_loss: 1.9121 - 29s/epoch - 12ms/step
Epoch 49/500
2450/2450 - 29s - loss: 1.3603 - val_loss: 1.8948 - 29s/epoch - 12ms/step
Epoch 50/500

Epoch 50: saving model to models/masha/GDP_4day_NC15/checkpoint_epoch_50/weights
2450/2450 - 30s - loss: 1.3559 - val_loss: 1.9257 - 30s/epoch - 12ms/step
Epoch 51/500
2450/2450 - 29s - loss: 1.3523 - val_loss: 1.9302 - 29s/epoch - 12ms/step
Epoch 52/500
2450/2450 - 29s - loss: 1.3486 - val_loss: 1.9257 - 29s/epoch - 12ms/step
Epoch 53/500
2450/2450 - 29s - loss: 1.3443 - val_loss: 1.9522 - 29s/epoch - 12ms/step
Epoch 54/500
2450/2450 - 27s - loss: 1.3411 - val_loss: 1.9283 - 27s/epoch - 11ms/step
Epoch 55/500
2450/2450 - 29s - loss: 1.3372 - val_loss: 1.9466 - 29s/epoch - 12ms/step
Epoch 56/500
2450/2450 - 29s - loss: 1.3333 - val_loss: 1.9352 - 29s/epoch - 12ms/step
Epoch 57/500
2450/2450 - 26s - loss: 1.3298 - val_loss: 1.9399 - 26s/epoch - 11ms/step
Epoch 58/500
2450/2450 - 26s - loss: 1.3261 - val_loss: 1.9394 - 26s/epoch - 11ms/step
Epoch 59/500
2450/2450 - 29s - loss: 1.3228 - val_loss: 1.9402 - 29s/epoch - 12ms/step
Epoch 60/500

Epoch 60: saving model to models/masha/GDP_4day_NC15/checkpoint_epoch_60/weights
2450/2450 - 29s - loss: 1.3192 - val_loss: 1.9496 - 29s/epoch - 12ms/step
Epoch 61/500
2450/2450 - 29s - loss: 1.3161 - val_loss: 1.9348 - 29s/epoch - 12ms/step
Epoch 62/500
2450/2450 - 29s - loss: 1.3123 - val_loss: 1.9617 - 29s/epoch - 12ms/step
Epoch 63/500
2450/2450 - 29s - loss: 1.3091 - val_loss: 1.9578 - 29s/epoch - 12ms/step
CUDA_VISIBLE_DEVICES: 
CUDA_VISIBLE_DEVICES: 3
Loaded the libraries.
[PhysicalDevice(name='/physical_device:CPU:0', device_type='CPU'), PhysicalDevice(name='/physical_device:GPU:0', device_type='GPU')]
load (3000000, 4, 2)
load (3000000, 4, 2)
load (3000000, 4, 2)
load (3000000, 4, 2)
load (3000000, 4, 2)
load (3000000, 4, 2)
load (3000000, 4, 2)
load (3000000, 4, 2)
load (1084549, 4, 2)
Loaded N = 25084550 datapoints
Built the model.
Epoch 1/500
2450/2450 - 41s - loss: 1.3848 - val_loss: 0.9875 - 41s/epoch - 17ms/step
Epoch 2/500
2450/2450 - 30s - loss: 0.8254 - val_loss: 0.9345 - 30s/epoch - 12ms/step
Epoch 3/500
2450/2450 - 30s - loss: 0.6961 - val_loss: 0.8998 - 30s/epoch - 12ms/step
Epoch 4/500
2450/2450 - 30s - loss: 0.6043 - val_loss: 0.8741 - 30s/epoch - 12ms/step
Epoch 5/500
2450/2450 - 30s - loss: 0.5295 - val_loss: 0.8531 - 30s/epoch - 12ms/step
Epoch 6/500
2450/2450 - 30s - loss: 0.4640 - val_loss: 0.8731 - 30s/epoch - 12ms/step
Epoch 7/500
2450/2450 - 30s - loss: 0.4040 - val_loss: 0.8653 - 30s/epoch - 12ms/step
Epoch 8/500
2450/2450 - 30s - loss: 0.3492 - val_loss: 0.8646 - 30s/epoch - 12ms/step
Epoch 9/500
2450/2450 - 30s - loss: 0.2983 - val_loss: 0.8777 - 30s/epoch - 12ms/step
Epoch 10/500

Epoch 10: saving model to models/masha/GDP_4day_NC32/checkpoint_epoch_10/weights
2450/2450 - 30s - loss: 0.2505 - val_loss: 0.8896 - 30s/epoch - 12ms/step
CUDA_VISIBLE_DEVICES: 
CUDA_VISIBLE_DEVICES: 3
Loaded the libraries.
[PhysicalDevice(name='/physical_device:CPU:0', device_type='CPU'), PhysicalDevice(name='/physical_device:GPU:0', device_type='GPU')]
load (3000000, 4, 2)
load (3000000, 4, 2)
load (3000000, 4, 2)
load (3000000, 4, 2)
load (3000000, 4, 2)
load (3000000, 4, 2)
load (3000000, 4, 2)
load (3000000, 4, 2)
load (1084549, 4, 2)
Loaded N = 25084550 datapoints
Built the model.
Epoch 1/500
2450/2450 - 39s - loss: 1.3401 - val_loss: 0.9935 - 39s/epoch - 16ms/step
Epoch 2/500
2450/2450 - 29s - loss: 0.8257 - val_loss: 0.9304 - 29s/epoch - 12ms/step
Epoch 3/500
2450/2450 - 29s - loss: 0.6829 - val_loss: 0.9126 - 29s/epoch - 12ms/step
Epoch 4/500
2450/2450 - 29s - loss: 0.5749 - val_loss: 0.9397 - 29s/epoch - 12ms/step
Epoch 5/500
2450/2450 - 29s - loss: 0.4818 - val_loss: 0.9242 - 29s/epoch - 12ms/step
Epoch 6/500
2450/2450 - 29s - loss: 0.4067 - val_loss: 0.9271 - 29s/epoch - 12ms/step
Epoch 7/500
2450/2450 - 29s - loss: 0.3425 - val_loss: 0.9267 - 29s/epoch - 12ms/step
Epoch 8/500
2450/2450 - 30s - loss: 0.2848 - val_loss: 0.9600 - 30s/epoch - 12ms/step
Epoch 9/500
2450/2450 - 29s - loss: 0.2302 - val_loss: 0.9970 - 29s/epoch - 12ms/step
Epoch 10/500

Epoch 10: saving model to models/masha/GDP_4day_NC32/checkpoint_epoch_10/weights
2450/2450 - 29s - loss: 0.1741 - val_loss: 1.0136 - 29s/epoch - 12ms/step
Epoch 11/500
2450/2450 - 29s - loss: 0.1192 - val_loss: 1.0427 - 29s/epoch - 12ms/step
Epoch 12/500
2450/2450 - 29s - loss: 0.0642 - val_loss: 1.0782 - 29s/epoch - 12ms/step
Epoch 13/500
2450/2450 - 29s - loss: 0.0129 - val_loss: 1.0989 - 29s/epoch - 12ms/step
Epoch 14/500
2450/2450 - 29s - loss: -3.3094e-02 - val_loss: 1.1273 - 29s/epoch - 12ms/step
Epoch 15/500
2450/2450 - 29s - loss: -6.9686e-02 - val_loss: 1.1493 - 29s/epoch - 12ms/step
Epoch 16/500
2450/2450 - 29s - loss: -1.0466e-01 - val_loss: 1.1512 - 29s/epoch - 12ms/step
Epoch 17/500
2450/2450 - 29s - loss: -1.3580e-01 - val_loss: 1.1742 - 29s/epoch - 12ms/step
Epoch 18/500
2450/2450 - 29s - loss: -1.6571e-01 - val_loss: 1.1971 - 29s/epoch - 12ms/step
Epoch 19/500
2450/2450 - 29s - loss: -1.9580e-01 - val_loss: 1.2059 - 29s/epoch - 12ms/step
Epoch 20/500

Epoch 20: saving model to models/masha/GDP_4day_NC32/checkpoint_epoch_20/weights
2450/2450 - 29s - loss: -2.2399e-01 - val_loss: 1.1877 - 29s/epoch - 12ms/step
Epoch 21/500
2450/2450 - 29s - loss: -2.5790e-01 - val_loss: 1.2249 - 29s/epoch - 12ms/step
Epoch 22/500
2450/2450 - 29s - loss: -2.8302e-01 - val_loss: 1.2546 - 29s/epoch - 12ms/step
Epoch 23/500
2450/2450 - 29s - loss: -3.1351e-01 - val_loss: 1.1960 - 29s/epoch - 12ms/step
