WARNING: If you use conda to create environments, your home directory may fill up. Please see our documentation at 
 https://www.wiki.ed.ac.uk/display/ResearchServices/Anaconda for advice.
python: can't open file '/exports/eddie3_homes_local/s2603968/Brownian-Bug-Model/PNN/model.py': [Errno 2] No such file or directory
WARNING: If you use conda to create environments, your home directory may fill up. Please see our documentation at 
 https://www.wiki.ed.ac.uk/display/ResearchServices/Anaconda for advice.
2024-03-29 19:12:21.056318: I tensorflow/core/util/port.cc:111] oneDNN custom operations are on. You may see slightly different numerical results due to floating-point round-off errors from different computation orders. To turn them off, set the environment variable `TF_ENABLE_ONEDNN_OPTS=0`.
2024-03-29 19:12:21.683001: E tensorflow/compiler/xla/stream_executor/cuda/cuda_dnn.cc:9342] Unable to register cuDNN factory: Attempting to register factory for plugin cuDNN when one has already been registered
2024-03-29 19:12:21.683133: E tensorflow/compiler/xla/stream_executor/cuda/cuda_fft.cc:609] Unable to register cuFFT factory: Attempting to register factory for plugin cuFFT when one has already been registered
2024-03-29 19:12:21.692959: E tensorflow/compiler/xla/stream_executor/cuda/cuda_blas.cc:1518] Unable to register cuBLAS factory: Attempting to register factory for plugin cuBLAS when one has already been registered
2024-03-29 19:12:21.920195: I tensorflow/core/platform/cpu_feature_guard.cc:182] This TensorFlow binary is optimized to use available CPU instructions in performance-critical operations.
To enable the following instructions: AVX2 AVX512F AVX512_VNNI FMA, in other operations, rebuild TensorFlow with the appropriate compiler flags.
2024-03-29 19:12:40.812851: I tensorflow/core/common_runtime/gpu/gpu_device.cc:1886] Created device /job:localhost/replica:0/task:0/device:GPU:0 with 79087 MB memory:  -> device: 0, name: NVIDIA A100 80GB PCIe, pci bus id: 0000:ca:00.0, compute capability: 8.0
2024-03-29 19:12:45.611085: E tensorflow/compiler/xla/stream_executor/gpu/asm_compiler.cc:114] *** WARNING *** You are using ptxas 11.0.194, which is older than 11.1. ptxas before 11.1 is known to miscompile XLA code, leading to incorrect results or invalid-address errors.

2024-03-29 19:12:45.673557: W tensorflow/compiler/mlir/tools/kernel_gen/transforms/gpu_kernel_to_blob_pass.cc:191] Failed to compile generated PTX with ptxas. Falling back to compilation by driver.
2024-03-29 19:12:45.918062: E tensorflow/compiler/xla/stream_executor/gpu/asm_compiler.cc:114] *** WARNING *** You are using ptxas 11.0.194, which is older than 11.1. ptxas before 11.1 is known to miscompile XLA code, leading to incorrect results or invalid-address errors.

2024-03-29 19:12:45.996013: W tensorflow/compiler/mlir/tools/kernel_gen/transforms/gpu_kernel_to_blob_pass.cc:191] Failed to compile generated PTX with ptxas. Falling back to compilation by driver.
2024-03-29 19:12:46.116351: E tensorflow/compiler/xla/stream_executor/gpu/asm_compiler.cc:114] *** WARNING *** You are using ptxas 11.0.194, which is older than 11.1. ptxas before 11.1 is known to miscompile XLA code, leading to incorrect results or invalid-address errors.

2024-03-29 19:12:46.182057: W tensorflow/compiler/mlir/tools/kernel_gen/transforms/gpu_kernel_to_blob_pass.cc:191] Failed to compile generated PTX with ptxas. Falling back to compilation by driver.
2024-03-29 19:12:46.247364: E tensorflow/compiler/xla/stream_executor/gpu/asm_compiler.cc:114] *** WARNING *** You are using ptxas 11.0.194, which is older than 11.1. ptxas before 11.1 is known to miscompile XLA code, leading to incorrect results or invalid-address errors.

2024-03-29 19:12:46.311017: W tensorflow/compiler/mlir/tools/kernel_gen/transforms/gpu_kernel_to_blob_pass.cc:191] Failed to compile generated PTX with ptxas. Falling back to compilation by driver.
2024-03-29 19:12:46.442795: E tensorflow/compiler/xla/stream_executor/gpu/asm_compiler.cc:114] *** WARNING *** You are using ptxas 11.0.194, which is older than 11.1. ptxas before 11.1 is known to miscompile XLA code, leading to incorrect results or invalid-address errors.

2024-03-29 19:12:46.508449: W tensorflow/compiler/mlir/tools/kernel_gen/transforms/gpu_kernel_to_blob_pass.cc:191] Failed to compile generated PTX with ptxas. Falling back to compilation by driver.
2024-03-29 19:12:46.741053: E tensorflow/compiler/xla/stream_executor/gpu/asm_compiler.cc:114] *** WARNING *** You are using ptxas 11.0.194, which is older than 11.1. ptxas before 11.1 is known to miscompile XLA code, leading to incorrect results or invalid-address errors.

2024-03-29 19:12:46.805342: W tensorflow/compiler/mlir/tools/kernel_gen/transforms/gpu_kernel_to_blob_pass.cc:191] Failed to compile generated PTX with ptxas. Falling back to compilation by driver.
2024-03-29 19:12:46.808683: E tensorflow/compiler/xla/stream_executor/gpu/asm_compiler.cc:114] *** WARNING *** You are using ptxas 11.0.194, which is older than 11.1. ptxas before 11.1 is known to miscompile XLA code, leading to incorrect results or invalid-address errors.

2024-03-29 19:12:46.869231: W tensorflow/compiler/mlir/tools/kernel_gen/transforms/gpu_kernel_to_blob_pass.cc:191] Failed to compile generated PTX with ptxas. Falling back to compilation by driver.
2024-03-29 19:12:46.873079: E tensorflow/compiler/xla/stream_executor/gpu/asm_compiler.cc:114] *** WARNING *** You are using ptxas 11.0.194, which is older than 11.1. ptxas before 11.1 is known to miscompile XLA code, leading to incorrect results or invalid-address errors.

2024-03-29 19:12:46.930878: W tensorflow/compiler/mlir/tools/kernel_gen/transforms/gpu_kernel_to_blob_pass.cc:191] Failed to compile generated PTX with ptxas. Falling back to compilation by driver.
2024-03-29 19:12:46.935240: E tensorflow/compiler/xla/stream_executor/gpu/asm_compiler.cc:114] *** WARNING *** You are using ptxas 11.0.194, which is older than 11.1. ptxas before 11.1 is known to miscompile XLA code, leading to incorrect results or invalid-address errors.

2024-03-29 19:12:46.992054: W tensorflow/compiler/mlir/tools/kernel_gen/transforms/gpu_kernel_to_blob_pass.cc:191] Failed to compile generated PTX with ptxas. Falling back to compilation by driver.
2024-03-29 19:12:46.996983: E tensorflow/compiler/xla/stream_executor/gpu/asm_compiler.cc:114] *** WARNING *** You are using ptxas 11.0.194, which is older than 11.1. ptxas before 11.1 is known to miscompile XLA code, leading to incorrect results or invalid-address errors.

2024-03-29 19:12:47.053688: W tensorflow/compiler/mlir/tools/kernel_gen/transforms/gpu_kernel_to_blob_pass.cc:191] Failed to compile generated PTX with ptxas. Falling back to compilation by driver.
2024-03-29 19:12:47.059217: E tensorflow/compiler/xla/stream_executor/gpu/asm_compiler.cc:114] *** WARNING *** You are using ptxas 11.0.194, which is older than 11.1. ptxas before 11.1 is known to miscompile XLA code, leading to incorrect results or invalid-address errors.

2024-03-29 19:12:47.115413: W tensorflow/compiler/mlir/tools/kernel_gen/transforms/gpu_kernel_to_blob_pass.cc:191] Failed to compile generated PTX with ptxas. Falling back to compilation by driver.
2024-03-29 19:12:47.121674: E tensorflow/compiler/xla/stream_executor/gpu/asm_compiler.cc:114] *** WARNING *** You are using ptxas 11.0.194, which is older than 11.1. ptxas before 11.1 is known to miscompile XLA code, leading to incorrect results or invalid-address errors.

2024-03-29 19:12:47.178145: W tensorflow/compiler/mlir/tools/kernel_gen/transforms/gpu_kernel_to_blob_pass.cc:191] Failed to compile generated PTX with ptxas. Falling back to compilation by driver.
2024-03-29 19:12:47.185161: E tensorflow/compiler/xla/stream_executor/gpu/asm_compiler.cc:114] *** WARNING *** You are using ptxas 11.0.194, which is older than 11.1. ptxas before 11.1 is known to miscompile XLA code, leading to incorrect results or invalid-address errors.

2024-03-29 19:12:47.241983: W tensorflow/compiler/mlir/tools/kernel_gen/transforms/gpu_kernel_to_blob_pass.cc:191] Failed to compile generated PTX with ptxas. Falling back to compilation by driver.
2024-03-29 19:12:47.249626: E tensorflow/compiler/xla/stream_executor/gpu/asm_compiler.cc:114] *** WARNING *** You are using ptxas 11.0.194, which is older than 11.1. ptxas before 11.1 is known to miscompile XLA code, leading to incorrect results or invalid-address errors.

2024-03-29 19:12:47.305987: W tensorflow/compiler/mlir/tools/kernel_gen/transforms/gpu_kernel_to_blob_pass.cc:191] Failed to compile generated PTX with ptxas. Falling back to compilation by driver.
2024-03-29 19:12:47.726050: E tensorflow/compiler/xla/stream_executor/gpu/asm_compiler.cc:114] *** WARNING *** You are using ptxas 11.0.194, which is older than 11.1. ptxas before 11.1 is known to miscompile XLA code, leading to incorrect results or invalid-address errors.

2024-03-29 19:12:47.794080: W tensorflow/compiler/mlir/tools/kernel_gen/transforms/gpu_kernel_to_blob_pass.cc:191] Failed to compile generated PTX with ptxas. Falling back to compilation by driver.
2024-03-29 19:12:47.924101: E tensorflow/compiler/xla/stream_executor/gpu/asm_compiler.cc:114] *** WARNING *** You are using ptxas 11.0.194, which is older than 11.1. ptxas before 11.1 is known to miscompile XLA code, leading to incorrect results or invalid-address errors.

2024-03-29 19:12:47.989164: W tensorflow/compiler/mlir/tools/kernel_gen/transforms/gpu_kernel_to_blob_pass.cc:191] Failed to compile generated PTX with ptxas. Falling back to compilation by driver.
2024-03-29 19:12:48.077753: I tensorflow/core/util/cuda_solvers.cc:179] Creating GpuSolver handles for stream 0x5593ff246490
2024-03-29 19:12:48.155204: E tensorflow/compiler/xla/stream_executor/gpu/asm_compiler.cc:114] *** WARNING *** You are using ptxas 11.0.194, which is older than 11.1. ptxas before 11.1 is known to miscompile XLA code, leading to incorrect results or invalid-address errors.

2024-03-29 19:12:48.221894: W tensorflow/compiler/mlir/tools/kernel_gen/transforms/gpu_kernel_to_blob_pass.cc:191] Failed to compile generated PTX with ptxas. Falling back to compilation by driver.
2024-03-29 19:12:48.384998: E tensorflow/compiler/xla/stream_executor/gpu/asm_compiler.cc:114] *** WARNING *** You are using ptxas 11.0.194, which is older than 11.1. ptxas before 11.1 is known to miscompile XLA code, leading to incorrect results or invalid-address errors.

2024-03-29 19:12:48.451204: W tensorflow/compiler/mlir/tools/kernel_gen/transforms/gpu_kernel_to_blob_pass.cc:191] Failed to compile generated PTX with ptxas. Falling back to compilation by driver.
2024-03-29 19:12:48.457871: E tensorflow/compiler/xla/stream_executor/gpu/asm_compiler.cc:114] *** WARNING *** You are using ptxas 11.0.194, which is older than 11.1. ptxas before 11.1 is known to miscompile XLA code, leading to incorrect results or invalid-address errors.

2024-03-29 19:12:48.518979: W tensorflow/compiler/mlir/tools/kernel_gen/transforms/gpu_kernel_to_blob_pass.cc:191] Failed to compile generated PTX with ptxas. Falling back to compilation by driver.
2024-03-29 19:12:48.525823: E tensorflow/compiler/xla/stream_executor/gpu/asm_compiler.cc:114] *** WARNING *** You are using ptxas 11.0.194, which is older than 11.1. ptxas before 11.1 is known to miscompile XLA code, leading to incorrect results or invalid-address errors.

2024-03-29 19:12:48.584984: W tensorflow/compiler/mlir/tools/kernel_gen/transforms/gpu_kernel_to_blob_pass.cc:191] Failed to compile generated PTX with ptxas. Falling back to compilation by driver.
2024-03-29 19:12:48.588102: E tensorflow/compiler/xla/stream_executor/gpu/asm_compiler.cc:114] *** WARNING *** You are using ptxas 11.0.194, which is older than 11.1. ptxas before 11.1 is known to miscompile XLA code, leading to incorrect results or invalid-address errors.

2024-03-29 19:12:48.645904: W tensorflow/compiler/mlir/tools/kernel_gen/transforms/gpu_kernel_to_blob_pass.cc:191] Failed to compile generated PTX with ptxas. Falling back to compilation by driver.
2024-03-29 19:12:48.649427: E tensorflow/compiler/xla/stream_executor/gpu/asm_compiler.cc:114] *** WARNING *** You are using ptxas 11.0.194, which is older than 11.1. ptxas before 11.1 is known to miscompile XLA code, leading to incorrect results or invalid-address errors.

2024-03-29 19:12:48.707059: W tensorflow/compiler/mlir/tools/kernel_gen/transforms/gpu_kernel_to_blob_pass.cc:191] Failed to compile generated PTX with ptxas. Falling back to compilation by driver.
2024-03-29 19:12:48.710999: E tensorflow/compiler/xla/stream_executor/gpu/asm_compiler.cc:114] *** WARNING *** You are using ptxas 11.0.194, which is older than 11.1. ptxas before 11.1 is known to miscompile XLA code, leading to incorrect results or invalid-address errors.

2024-03-29 19:12:48.768281: W tensorflow/compiler/mlir/tools/kernel_gen/transforms/gpu_kernel_to_blob_pass.cc:191] Failed to compile generated PTX with ptxas. Falling back to compilation by driver.
2024-03-29 19:12:48.772690: E tensorflow/compiler/xla/stream_executor/gpu/asm_compiler.cc:114] *** WARNING *** You are using ptxas 11.0.194, which is older than 11.1. ptxas before 11.1 is known to miscompile XLA code, leading to incorrect results or invalid-address errors.

2024-03-29 19:12:48.829493: W tensorflow/compiler/mlir/tools/kernel_gen/transforms/gpu_kernel_to_blob_pass.cc:191] Failed to compile generated PTX with ptxas. Falling back to compilation by driver.
2024-03-29 19:12:48.834381: E tensorflow/compiler/xla/stream_executor/gpu/asm_compiler.cc:114] *** WARNING *** You are using ptxas 11.0.194, which is older than 11.1. ptxas before 11.1 is known to miscompile XLA code, leading to incorrect results or invalid-address errors.

2024-03-29 19:12:48.894277: W tensorflow/compiler/mlir/tools/kernel_gen/transforms/gpu_kernel_to_blob_pass.cc:191] Failed to compile generated PTX with ptxas. Falling back to compilation by driver.
2024-03-29 19:12:49.257795: E tensorflow/compiler/xla/stream_executor/gpu/asm_compiler.cc:114] *** WARNING *** You are using ptxas 11.0.194, which is older than 11.1. ptxas before 11.1 is known to miscompile XLA code, leading to incorrect results or invalid-address errors.

2024-03-29 19:12:49.327592: W tensorflow/compiler/mlir/tools/kernel_gen/transforms/gpu_kernel_to_blob_pass.cc:191] Failed to compile generated PTX with ptxas. Falling back to compilation by driver.
2024-03-29 19:12:49.512401: E tensorflow/compiler/xla/stream_executor/gpu/asm_compiler.cc:114] *** WARNING *** You are using ptxas 11.0.194, which is older than 11.1. ptxas before 11.1 is known to miscompile XLA code, leading to incorrect results or invalid-address errors.

2024-03-29 19:12:49.579754: W tensorflow/compiler/mlir/tools/kernel_gen/transforms/gpu_kernel_to_blob_pass.cc:191] Failed to compile generated PTX with ptxas. Falling back to compilation by driver.
2024-03-29 19:12:49.746864: I tensorflow/compiler/xla/service/service.cc:168] XLA service 0x2ba83d946740 initialized for platform CUDA (this does not guarantee that XLA will be used). Devices:
2024-03-29 19:12:49.746901: I tensorflow/compiler/xla/service/service.cc:176]   StreamExecutor device (0): NVIDIA A100 80GB PCIe, Compute Capability 8.0
2024-03-29 19:12:49.784894: I tensorflow/compiler/mlir/tensorflow/utils/dump_mlir_util.cc:269] disabling MLIR crash reproducer, set env var `MLIR_CRASH_REPRODUCER_DIRECTORY` to enable.
2024-03-29 19:12:51.068826: E tensorflow/compiler/xla/stream_executor/cuda/cuda_dnn.cc:435] Loaded runtime CuDNN library: 8.1.1 but source was compiled with: 8.6.0.  CuDNN library needs to have matching major version and equal or higher minor version. If using a binary install, upgrade your CuDNN library.  If building from sources, make sure the library loaded at runtime is compatible with the version specified during compile configuration.
2024-03-29 19:12:51.070695: W tensorflow/core/framework/op_kernel.cc:1839] OP_REQUIRES failed at xla_ops.cc:624 : FAILED_PRECONDITION: DNN library initialization failed. Look at the errors above for more details.
2024-03-29 19:12:51.070756: I tensorflow/core/framework/local_rendezvous.cc:421] Local rendezvous recv item cancelled. Key hash: 1789193823186236992
2024-03-29 19:12:51.070771: I tensorflow/core/framework/local_rendezvous.cc:421] Local rendezvous recv item cancelled. Key hash: 1733648938482824205
2024-03-29 19:12:51.084608: E tensorflow/compiler/xla/stream_executor/cuda/cuda_dnn.cc:435] Loaded runtime CuDNN library: 8.1.1 but source was compiled with: 8.6.0.  CuDNN library needs to have matching major version and equal or higher minor version. If using a binary install, upgrade your CuDNN library.  If building from sources, make sure the library loaded at runtime is compatible with the version specified during compile configuration.
2024-03-29 19:12:51.085679: W tensorflow/core/framework/op_kernel.cc:1839] OP_REQUIRES failed at xla_ops.cc:624 : FAILED_PRECONDITION: DNN library initialization failed. Look at the errors above for more details.
2024-03-29 19:12:51.098892: E tensorflow/compiler/xla/stream_executor/cuda/cuda_dnn.cc:435] Loaded runtime CuDNN library: 8.1.1 but source was compiled with: 8.6.0.  CuDNN library needs to have matching major version and equal or higher minor version. If using a binary install, upgrade your CuDNN library.  If building from sources, make sure the library loaded at runtime is compatible with the version specified during compile configuration.
2024-03-29 19:12:51.099919: W tensorflow/core/framework/op_kernel.cc:1839] OP_REQUIRES failed at xla_ops.cc:624 : FAILED_PRECONDITION: DNN library initialization failed. Look at the errors above for more details.
2024-03-29 19:12:51.112540: E tensorflow/compiler/xla/stream_executor/cuda/cuda_dnn.cc:435] Loaded runtime CuDNN library: 8.1.1 but source was compiled with: 8.6.0.  CuDNN library needs to have matching major version and equal or higher minor version. If using a binary install, upgrade your CuDNN library.  If building from sources, make sure the library loaded at runtime is compatible with the version specified during compile configuration.
2024-03-29 19:12:51.113563: W tensorflow/core/framework/op_kernel.cc:1839] OP_REQUIRES failed at xla_ops.cc:624 : FAILED_PRECONDITION: DNN library initialization failed. Look at the errors above for more details.
Traceback (most recent call last):
  File "/exports/eddie3_homes_local/s2603968/Brownian-Bug-Model/pnn/model.py", line 125, in <module>
    History = model.fit(
  File "/exports/eddie/scratch/s2603968/anaconda/envs/plankton/lib/python3.10/site-packages/keras/src/utils/traceback_utils.py", line 70, in error_handler
    raise e.with_traceback(filtered_tb) from None
  File "/exports/eddie/scratch/s2603968/anaconda/envs/plankton/lib/python3.10/site-packages/tensorflow/python/eager/execute.py", line 60, in quick_execute
    tensors = pywrap_tfe.TFE_Py_Execute(ctx._handle, device_name, op_name,
tensorflow.python.framework.errors_impl.FailedPreconditionError: Graph execution error:

Detected at node Adam/update_0_2/StatefulPartitionedCall defined at (most recent call last):
  File "/exports/eddie3_homes_local/s2603968/Brownian-Bug-Model/pnn/model.py", line 125, in <module>

  File "/exports/eddie/scratch/s2603968/anaconda/envs/plankton/lib/python3.10/site-packages/keras/src/utils/traceback_utils.py", line 65, in error_handler

  File "/exports/eddie/scratch/s2603968/anaconda/envs/plankton/lib/python3.10/site-packages/keras/src/engine/training.py", line 1783, in fit

  File "/exports/eddie/scratch/s2603968/anaconda/envs/plankton/lib/python3.10/site-packages/keras/src/engine/training.py", line 1377, in train_function

  File "/exports/eddie/scratch/s2603968/anaconda/envs/plankton/lib/python3.10/site-packages/keras/src/engine/training.py", line 1360, in step_function

  File "/exports/eddie/scratch/s2603968/anaconda/envs/plankton/lib/python3.10/site-packages/keras/src/optimizers/optimizer.py", line 1345, in _distributed_apply_gradients_fn

  File "/exports/eddie/scratch/s2603968/anaconda/envs/plankton/lib/python3.10/site-packages/keras/src/optimizers/optimizer.py", line 1340, in apply_grad_to_update_var

Detected at node Adam/update_0_2/StatefulPartitionedCall defined at (most recent call last):
  File "/exports/eddie3_homes_local/s2603968/Brownian-Bug-Model/pnn/model.py", line 125, in <module>

  File "/exports/eddie/scratch/s2603968/anaconda/envs/plankton/lib/python3.10/site-packages/keras/src/utils/traceback_utils.py", line 65, in error_handler

  File "/exports/eddie/scratch/s2603968/anaconda/envs/plankton/lib/python3.10/site-packages/keras/src/engine/training.py", line 1783, in fit

  File "/exports/eddie/scratch/s2603968/anaconda/envs/plankton/lib/python3.10/site-packages/keras/src/engine/training.py", line 1377, in train_function

  File "/exports/eddie/scratch/s2603968/anaconda/envs/plankton/lib/python3.10/site-packages/keras/src/engine/training.py", line 1360, in step_function

  File "/exports/eddie/scratch/s2603968/anaconda/envs/plankton/lib/python3.10/site-packages/keras/src/optimizers/optimizer.py", line 1345, in _distributed_apply_gradients_fn

  File "/exports/eddie/scratch/s2603968/anaconda/envs/plankton/lib/python3.10/site-packages/keras/src/optimizers/optimizer.py", line 1340, in apply_grad_to_update_var

2 root error(s) found.
  (0) FAILED_PRECONDITION:  DNN library initialization failed. Look at the errors above for more details.
	 [[{{node Adam/update_0_2/StatefulPartitionedCall}}]]
	 [[div_no_nan/Identity/_49]]
  (1) FAILED_PRECONDITION:  DNN library initialization failed. Look at the errors above for more details.
	 [[{{node Adam/update_0_2/StatefulPartitionedCall}}]]
0 successful operations.
0 derived errors ignored. [Op:__inference_train_function_4815]
WARNING: If you use conda to create environments, your home directory may fill up. Please see our documentation at 
 https://www.wiki.ed.ac.uk/display/ResearchServices/Anaconda for advice.
2024-03-30 15:05:11.737584: I tensorflow/core/util/port.cc:111] oneDNN custom operations are on. You may see slightly different numerical results due to floating-point round-off errors from different computation orders. To turn them off, set the environment variable `TF_ENABLE_ONEDNN_OPTS=0`.
2024-03-30 15:05:12.417358: E tensorflow/compiler/xla/stream_executor/cuda/cuda_dnn.cc:9342] Unable to register cuDNN factory: Attempting to register factory for plugin cuDNN when one has already been registered
2024-03-30 15:05:12.417490: E tensorflow/compiler/xla/stream_executor/cuda/cuda_fft.cc:609] Unable to register cuFFT factory: Attempting to register factory for plugin cuFFT when one has already been registered
2024-03-30 15:05:12.428380: E tensorflow/compiler/xla/stream_executor/cuda/cuda_blas.cc:1518] Unable to register cuBLAS factory: Attempting to register factory for plugin cuBLAS when one has already been registered
2024-03-30 15:05:12.653864: I tensorflow/core/platform/cpu_feature_guard.cc:182] This TensorFlow binary is optimized to use available CPU instructions in performance-critical operations.
To enable the following instructions: AVX2 AVX512F AVX512_VNNI FMA, in other operations, rebuild TensorFlow with the appropriate compiler flags.
2024-03-30 15:05:31.657827: I tensorflow/core/common_runtime/gpu/gpu_device.cc:1886] Created device /job:localhost/replica:0/task:0/device:GPU:0 with 79087 MB memory:  -> device: 0, name: NVIDIA A100 80GB PCIe, pci bus id: 0000:65:00.0, compute capability: 8.0
2024-03-30 15:05:40.309352: I tensorflow/core/util/cuda_solvers.cc:179] Creating GpuSolver handles for stream 0x5620a049dc60
2024-03-30 15:05:42.327723: I tensorflow/compiler/xla/service/service.cc:168] XLA service 0x2af84e6017f0 initialized for platform CUDA (this does not guarantee that XLA will be used). Devices:
2024-03-30 15:05:42.327857: I tensorflow/compiler/xla/service/service.cc:176]   StreamExecutor device (0): NVIDIA A100 80GB PCIe, Compute Capability 8.0
2024-03-30 15:05:42.476256: I tensorflow/compiler/mlir/tensorflow/utils/dump_mlir_util.cc:269] disabling MLIR crash reproducer, set env var `MLIR_CRASH_REPRODUCER_DIRECTORY` to enable.
2024-03-30 15:05:42.581605: I tensorflow/compiler/xla/stream_executor/cuda/cuda_dnn.cc:442] Loaded cuDNN version 8700
2024-03-30 15:05:42.929229: I ./tensorflow/compiler/jit/device_compiler.h:186] Compiled cluster using XLA!  This line is logged at most once for the lifetime of the process.
WARNING: If you use conda to create environments, your home directory may fill up. Please see our documentation at 
 https://www.wiki.ed.ac.uk/display/ResearchServices/Anaconda for advice.
2024-03-30 16:12:01.461297: I tensorflow/core/util/port.cc:111] oneDNN custom operations are on. You may see slightly different numerical results due to floating-point round-off errors from different computation orders. To turn them off, set the environment variable `TF_ENABLE_ONEDNN_OPTS=0`.
2024-03-30 16:12:02.143345: E tensorflow/compiler/xla/stream_executor/cuda/cuda_dnn.cc:9342] Unable to register cuDNN factory: Attempting to register factory for plugin cuDNN when one has already been registered
2024-03-30 16:12:02.143477: E tensorflow/compiler/xla/stream_executor/cuda/cuda_fft.cc:609] Unable to register cuFFT factory: Attempting to register factory for plugin cuFFT when one has already been registered
2024-03-30 16:12:02.149367: E tensorflow/compiler/xla/stream_executor/cuda/cuda_blas.cc:1518] Unable to register cuBLAS factory: Attempting to register factory for plugin cuBLAS when one has already been registered
2024-03-30 16:12:02.402755: I tensorflow/core/platform/cpu_feature_guard.cc:182] This TensorFlow binary is optimized to use available CPU instructions in performance-critical operations.
To enable the following instructions: AVX2 AVX512F AVX512_VNNI FMA, in other operations, rebuild TensorFlow with the appropriate compiler flags.
2024-03-30 16:12:18.298687: I tensorflow/core/common_runtime/gpu/gpu_device.cc:1886] Created device /job:localhost/replica:0/task:0/device:GPU:0 with 79087 MB memory:  -> device: 0, name: NVIDIA A100 80GB PCIe, pci bus id: 0000:ca:00.0, compute capability: 8.0
2024-03-30 16:12:25.856138: I tensorflow/core/util/cuda_solvers.cc:179] Creating GpuSolver handles for stream 0x55844ff430b0
2024-03-30 16:12:26.999483: I tensorflow/compiler/xla/service/service.cc:168] XLA service 0x2b9533b7efc0 initialized for platform CUDA (this does not guarantee that XLA will be used). Devices:
2024-03-30 16:12:26.999540: I tensorflow/compiler/xla/service/service.cc:176]   StreamExecutor device (0): NVIDIA A100 80GB PCIe, Compute Capability 8.0
2024-03-30 16:12:27.015880: I tensorflow/compiler/mlir/tensorflow/utils/dump_mlir_util.cc:269] disabling MLIR crash reproducer, set env var `MLIR_CRASH_REPRODUCER_DIRECTORY` to enable.
2024-03-30 16:12:27.059555: I tensorflow/compiler/xla/stream_executor/cuda/cuda_dnn.cc:442] Loaded cuDNN version 8700
2024-03-30 16:12:27.179144: I ./tensorflow/compiler/jit/device_compiler.h:186] Compiled cluster using XLA!  This line is logged at most once for the lifetime of the process.
WARNING: If you use conda to create environments, your home directory may fill up. Please see our documentation at 
 https://www.wiki.ed.ac.uk/display/ResearchServices/Anaconda for advice.
2024-03-31 02:06:43.671633: I tensorflow/core/util/port.cc:111] oneDNN custom operations are on. You may see slightly different numerical results due to floating-point round-off errors from different computation orders. To turn them off, set the environment variable `TF_ENABLE_ONEDNN_OPTS=0`.
2024-03-31 02:06:44.350291: E tensorflow/compiler/xla/stream_executor/cuda/cuda_dnn.cc:9342] Unable to register cuDNN factory: Attempting to register factory for plugin cuDNN when one has already been registered
2024-03-31 02:06:44.350421: E tensorflow/compiler/xla/stream_executor/cuda/cuda_fft.cc:609] Unable to register cuFFT factory: Attempting to register factory for plugin cuFFT when one has already been registered
2024-03-31 02:06:44.355968: E tensorflow/compiler/xla/stream_executor/cuda/cuda_blas.cc:1518] Unable to register cuBLAS factory: Attempting to register factory for plugin cuBLAS when one has already been registered
2024-03-31 02:06:44.608179: I tensorflow/core/platform/cpu_feature_guard.cc:182] This TensorFlow binary is optimized to use available CPU instructions in performance-critical operations.
To enable the following instructions: AVX2 AVX512F AVX512_VNNI FMA, in other operations, rebuild TensorFlow with the appropriate compiler flags.
2024-03-31 02:07:00.341132: I tensorflow/core/common_runtime/gpu/gpu_device.cc:1886] Created device /job:localhost/replica:0/task:0/device:GPU:0 with 79087 MB memory:  -> device: 0, name: NVIDIA A100 80GB PCIe, pci bus id: 0000:ca:00.0, compute capability: 8.0
2024-03-31 02:07:07.558424: I tensorflow/core/util/cuda_solvers.cc:179] Creating GpuSolver handles for stream 0x56008cfe7a60
2024-03-31 02:07:08.710276: I tensorflow/compiler/xla/service/service.cc:168] XLA service 0x2b985df58060 initialized for platform CUDA (this does not guarantee that XLA will be used). Devices:
2024-03-31 02:07:08.710326: I tensorflow/compiler/xla/service/service.cc:176]   StreamExecutor device (0): NVIDIA A100 80GB PCIe, Compute Capability 8.0
2024-03-31 02:07:08.727901: I tensorflow/compiler/mlir/tensorflow/utils/dump_mlir_util.cc:269] disabling MLIR crash reproducer, set env var `MLIR_CRASH_REPRODUCER_DIRECTORY` to enable.
2024-03-31 02:07:08.766970: I tensorflow/compiler/xla/stream_executor/cuda/cuda_dnn.cc:442] Loaded cuDNN version 8700
2024-03-31 02:07:08.891970: I ./tensorflow/compiler/jit/device_compiler.h:186] Compiled cluster using XLA!  This line is logged at most once for the lifetime of the process.
2024-03-31 02:07:09.147373: I tensorflow/compiler/xla/stream_executor/gpu/asm_compiler.cc:328] ptxas warning : Registers are spilled to local memory in function 'fusion', 8 bytes spill stores, 8 bytes spill loads

WARNING: If you use conda to create environments, your home directory may fill up. Please see our documentation at 
 https://www.wiki.ed.ac.uk/display/ResearchServices/Anaconda for advice.
2024-03-31 18:48:43.224932: I tensorflow/core/util/port.cc:111] oneDNN custom operations are on. You may see slightly different numerical results due to floating-point round-off errors from different computation orders. To turn them off, set the environment variable `TF_ENABLE_ONEDNN_OPTS=0`.
2024-03-31 18:48:43.775447: E tensorflow/compiler/xla/stream_executor/cuda/cuda_dnn.cc:9342] Unable to register cuDNN factory: Attempting to register factory for plugin cuDNN when one has already been registered
2024-03-31 18:48:43.775575: E tensorflow/compiler/xla/stream_executor/cuda/cuda_fft.cc:609] Unable to register cuFFT factory: Attempting to register factory for plugin cuFFT when one has already been registered
2024-03-31 18:48:43.780600: E tensorflow/compiler/xla/stream_executor/cuda/cuda_blas.cc:1518] Unable to register cuBLAS factory: Attempting to register factory for plugin cuBLAS when one has already been registered
2024-03-31 18:48:44.009573: I tensorflow/core/platform/cpu_feature_guard.cc:182] This TensorFlow binary is optimized to use available CPU instructions in performance-critical operations.
To enable the following instructions: AVX2 AVX512F AVX512_VNNI FMA, in other operations, rebuild TensorFlow with the appropriate compiler flags.
2024-03-31 18:49:10.071033: I tensorflow/core/common_runtime/gpu/gpu_device.cc:1886] Created device /job:localhost/replica:0/task:0/device:GPU:0 with 79087 MB memory:  -> device: 0, name: NVIDIA A100 80GB PCIe, pci bus id: 0000:ca:00.0, compute capability: 8.0
2024-03-31 18:49:18.380818: I tensorflow/core/util/cuda_solvers.cc:179] Creating GpuSolver handles for stream 0x5602d50f07b0
2024-03-31 18:49:19.655955: I tensorflow/compiler/xla/service/service.cc:168] XLA service 0x2b94aa11a4e0 initialized for platform CUDA (this does not guarantee that XLA will be used). Devices:
2024-03-31 18:49:19.656034: I tensorflow/compiler/xla/service/service.cc:176]   StreamExecutor device (0): NVIDIA A100 80GB PCIe, Compute Capability 8.0
2024-03-31 18:49:19.681994: I tensorflow/compiler/mlir/tensorflow/utils/dump_mlir_util.cc:269] disabling MLIR crash reproducer, set env var `MLIR_CRASH_REPRODUCER_DIRECTORY` to enable.
2024-03-31 18:49:19.729083: I tensorflow/compiler/xla/stream_executor/cuda/cuda_dnn.cc:442] Loaded cuDNN version 8700
2024-03-31 18:49:19.870313: I ./tensorflow/compiler/jit/device_compiler.h:186] Compiled cluster using XLA!  This line is logged at most once for the lifetime of the process.
2024-03-31 18:49:20.124467: I tensorflow/compiler/xla/stream_executor/gpu/asm_compiler.cc:328] ptxas warning : Registers are spilled to local memory in function 'fusion', 8 bytes spill stores, 8 bytes spill loads

WARNING: If you use conda to create environments, your home directory may fill up. Please see our documentation at 
 https://www.wiki.ed.ac.uk/display/ResearchServices/Anaconda for advice.
2024-03-31 20:45:04.299393: I tensorflow/core/util/port.cc:111] oneDNN custom operations are on. You may see slightly different numerical results due to floating-point round-off errors from different computation orders. To turn them off, set the environment variable `TF_ENABLE_ONEDNN_OPTS=0`.
2024-03-31 20:45:04.858252: E tensorflow/compiler/xla/stream_executor/cuda/cuda_dnn.cc:9342] Unable to register cuDNN factory: Attempting to register factory for plugin cuDNN when one has already been registered
2024-03-31 20:45:04.858362: E tensorflow/compiler/xla/stream_executor/cuda/cuda_fft.cc:609] Unable to register cuFFT factory: Attempting to register factory for plugin cuFFT when one has already been registered
2024-03-31 20:45:04.863778: E tensorflow/compiler/xla/stream_executor/cuda/cuda_blas.cc:1518] Unable to register cuBLAS factory: Attempting to register factory for plugin cuBLAS when one has already been registered
2024-03-31 20:45:05.051518: I tensorflow/core/platform/cpu_feature_guard.cc:182] This TensorFlow binary is optimized to use available CPU instructions in performance-critical operations.
To enable the following instructions: AVX2 AVX512F AVX512_VNNI FMA, in other operations, rebuild TensorFlow with the appropriate compiler flags.
2024-03-31 20:45:31.435682: I tensorflow/core/common_runtime/gpu/gpu_device.cc:1886] Created device /job:localhost/replica:0/task:0/device:GPU:0 with 79087 MB memory:  -> device: 0, name: NVIDIA A100 80GB PCIe, pci bus id: 0000:17:00.0, compute capability: 8.0
2024-03-31 20:45:39.860786: I tensorflow/core/util/cuda_solvers.cc:179] Creating GpuSolver handles for stream 0x565307995f10
2024-03-31 20:45:41.155727: I tensorflow/compiler/xla/service/service.cc:168] XLA service 0x2af9da192330 initialized for platform CUDA (this does not guarantee that XLA will be used). Devices:
2024-03-31 20:45:41.155796: I tensorflow/compiler/xla/service/service.cc:176]   StreamExecutor device (0): NVIDIA A100 80GB PCIe, Compute Capability 8.0
2024-03-31 20:45:41.206517: I tensorflow/compiler/mlir/tensorflow/utils/dump_mlir_util.cc:269] disabling MLIR crash reproducer, set env var `MLIR_CRASH_REPRODUCER_DIRECTORY` to enable.
2024-03-31 20:45:41.261236: I tensorflow/compiler/xla/stream_executor/cuda/cuda_dnn.cc:442] Loaded cuDNN version 8700
2024-03-31 20:45:41.428927: I ./tensorflow/compiler/jit/device_compiler.h:186] Compiled cluster using XLA!  This line is logged at most once for the lifetime of the process.
2024-03-31 20:45:41.699134: I tensorflow/compiler/xla/stream_executor/gpu/asm_compiler.cc:328] ptxas warning : Registers are spilled to local memory in function 'fusion', 8 bytes spill stores, 8 bytes spill loads

WARNING: If you use conda to create environments, your home directory may fill up. Please see our documentation at 
 https://www.wiki.ed.ac.uk/display/ResearchServices/Anaconda for advice.
2024-04-01 12:29:34.278308: I tensorflow/core/util/port.cc:111] oneDNN custom operations are on. You may see slightly different numerical results due to floating-point round-off errors from different computation orders. To turn them off, set the environment variable `TF_ENABLE_ONEDNN_OPTS=0`.
2024-04-01 12:29:34.825648: E tensorflow/compiler/xla/stream_executor/cuda/cuda_dnn.cc:9342] Unable to register cuDNN factory: Attempting to register factory for plugin cuDNN when one has already been registered
2024-04-01 12:29:34.825779: E tensorflow/compiler/xla/stream_executor/cuda/cuda_fft.cc:609] Unable to register cuFFT factory: Attempting to register factory for plugin cuFFT when one has already been registered
2024-04-01 12:29:34.835246: E tensorflow/compiler/xla/stream_executor/cuda/cuda_blas.cc:1518] Unable to register cuBLAS factory: Attempting to register factory for plugin cuBLAS when one has already been registered
2024-04-01 12:29:35.021581: I tensorflow/core/platform/cpu_feature_guard.cc:182] This TensorFlow binary is optimized to use available CPU instructions in performance-critical operations.
To enable the following instructions: AVX2 AVX512F AVX512_VNNI FMA, in other operations, rebuild TensorFlow with the appropriate compiler flags.
2024-04-01 12:29:59.191231: I tensorflow/core/common_runtime/gpu/gpu_device.cc:1886] Created device /job:localhost/replica:0/task:0/device:GPU:0 with 79087 MB memory:  -> device: 0, name: NVIDIA A100 80GB PCIe, pci bus id: 0000:e3:00.0, compute capability: 8.0
2024-04-01 12:30:07.758071: I tensorflow/core/util/cuda_solvers.cc:179] Creating GpuSolver handles for stream 0x556529e35700
2024-04-01 12:30:09.050653: I tensorflow/compiler/xla/service/service.cc:168] XLA service 0x2b4e41d17bb0 initialized for platform CUDA (this does not guarantee that XLA will be used). Devices:
2024-04-01 12:30:09.051679: I tensorflow/compiler/xla/service/service.cc:176]   StreamExecutor device (0): NVIDIA A100 80GB PCIe, Compute Capability 8.0
2024-04-01 12:30:09.130936: I tensorflow/compiler/mlir/tensorflow/utils/dump_mlir_util.cc:269] disabling MLIR crash reproducer, set env var `MLIR_CRASH_REPRODUCER_DIRECTORY` to enable.
2024-04-01 12:30:09.176171: I tensorflow/compiler/xla/stream_executor/cuda/cuda_dnn.cc:442] Loaded cuDNN version 8700
2024-04-01 12:30:09.352486: I tensorflow/compiler/xla/stream_executor/gpu/asm_compiler.cc:328] ptxas warning : Registers are spilled to local memory in function 'fusion', 8 bytes spill stores, 8 bytes spill loads

2024-04-01 12:30:09.384781: I ./tensorflow/compiler/jit/device_compiler.h:186] Compiled cluster using XLA!  This line is logged at most once for the lifetime of the process.
2024-04-01 12:30:09.646095: I tensorflow/compiler/xla/stream_executor/gpu/asm_compiler.cc:328] ptxas warning : Registers are spilled to local memory in function 'fusion', 8 bytes spill stores, 8 bytes spill loads

